{"/home/travis/build/npmtest/node-npmtest-react-tabs/test.js":{"path":"/home/travis/build/npmtest/node-npmtest-react-tabs/test.js","s":{"1":2,"2":2,"3":2,"4":2,"5":2,"6":2,"7":2,"8":1,"9":2,"10":2,"11":1,"12":1,"13":1,"14":1,"15":2,"16":2,"17":2,"18":2,"19":1,"20":1,"21":2,"22":2,"23":2,"24":1,"25":1,"26":1,"27":1,"28":1,"29":1,"30":1,"31":1,"32":1,"33":1,"34":1,"35":1,"36":1,"37":1,"38":1,"39":2,"40":2,"41":1,"42":2,"43":2,"44":1,"45":2,"46":2,"47":1,"48":2,"49":2,"50":1,"51":1,"52":1,"53":1,"54":1},"b":{"1":[2,1,1,1],"2":[1,1,1,1],"3":[1,1],"4":[1,1],"5":[1,1],"6":[1,1],"7":[1,1],"8":[1,1],"9":[1,1],"10":[1,1,1],"11":[1,1],"12":[1,1],"13":[1,1],"14":[1,1],"15":[1,1],"16":[1,1],"17":[1,1]},"f":{"1":2,"2":2,"3":2,"4":2,"5":2,"6":1,"7":1,"8":1,"9":2,"10":2,"11":2,"12":2,"13":1},"fnMap":{"1":{"name":"(anonymous_1)","line":12,"loc":{"start":{"line":12,"column":1},"end":{"line":12,"column":13}}},"2":{"name":"(anonymous_2)","line":19,"loc":{"start":{"line":19,"column":5},"end":{"line":19,"column":17}}},"3":{"name":"(anonymous_3)","line":23,"loc":{"start":{"line":23,"column":24},"end":{"line":23,"column":36}}},"4":{"name":"(anonymous_4)","line":61,"loc":{"start":{"line":61,"column":5},"end":{"line":61,"column":17}}},"5":{"name":"(anonymous_5)","line":82,"loc":{"start":{"line":82,"column":5},"end":{"line":82,"column":17}}},"6":{"name":"(anonymous_6)","line":91,"loc":{"start":{"line":91,"column":77},"end":{"line":94,"column":10}}},"7":{"name":"(anonymous_7)","line":112,"loc":{"start":{"line":112,"column":83},"end":{"line":115,"column":10}},"skip":true},"8":{"name":"(anonymous_8)","line":123,"loc":{"start":{"line":123,"column":77},"end":{"line":126,"column":10}},"skip":true},"9":{"name":"(anonymous_9)","line":139,"loc":{"start":{"line":139,"column":12},"end":{"line":139,"column":40}},"skip":true},"10":{"name":"(anonymous_10)","line":147,"loc":{"start":{"line":147,"column":77},"end":{"line":150,"column":10}},"skip":true},"11":{"name":"(anonymous_11)","line":158,"loc":{"start":{"line":158,"column":83},"end":{"line":161,"column":10}},"skip":true},"12":{"name":"(anonymous_12)","line":169,"loc":{"start":{"line":169,"column":79},"end":{"line":172,"column":10}},"skip":true},"13":{"name":"(anonymous_13)","line":180,"loc":{"start":{"line":180,"column":75},"end":{"line":183,"column":10}},"skip":true}},"statementMap":{"1":{"start":{"line":12,"column":0},"end":{"line":195,"column":5}},"2":{"start":{"line":14,"column":4},"end":{"line":14,"column":14}},"3":{"start":{"line":19,"column":4},"end":{"line":56,"column":9}},"4":{"start":{"line":21,"column":8},"end":{"line":21,"column":19}},"5":{"start":{"line":23,"column":8},"end":{"line":35,"column":13}},"6":{"start":{"line":24,"column":12},"end":{"line":34,"column":13}},"7":{"start":{"line":25,"column":16},"end":{"line":28,"column":30}},"8":{"start":{"line":30,"column":16},"end":{"line":33,"column":27}},"9":{"start":{"line":37,"column":8},"end":{"line":39,"column":21}},"10":{"start":{"line":40,"column":8},"end":{"line":53,"column":9}},"11":{"start":{"line":43,"column":12},"end":{"line":46,"column":14}},"12":{"start":{"line":47,"column":12},"end":{"line":47,"column":18}},"13":{"start":{"line":50,"column":12},"end":{"line":51,"column":33}},"14":{"start":{"line":52,"column":12},"end":{"line":52,"column":18}},"15":{"start":{"line":55,"column":8},"end":{"line":55,"column":35}},"16":{"start":{"line":61,"column":4},"end":{"line":63,"column":9}},"17":{"start":{"line":62,"column":8},"end":{"line":62,"column":15}},"18":{"start":{"line":64,"column":4},"end":{"line":77,"column":5}},"19":{"start":{"line":70,"column":8},"end":{"line":70,"column":14}},"20":{"start":{"line":76,"column":8},"end":{"line":76,"column":14}},"21":{"start":{"line":82,"column":4},"end":{"line":84,"column":9}},"22":{"start":{"line":83,"column":8},"end":{"line":83,"column":15}},"23":{"start":{"line":85,"column":4},"end":{"line":194,"column":5}},"24":{"start":{"line":91,"column":8},"end":{"line":99,"column":10}},"25":{"start":{"line":98,"column":12},"end":{"line":98,"column":35}},"26":{"start":{"line":102,"column":8},"end":{"line":104,"column":63}},"27":{"start":{"line":105,"column":8},"end":{"line":105,"column":14}},"28":{"start":{"line":112,"column":8},"end":{"line":121,"column":10},"skip":true},"29":{"start":{"line":119,"column":12},"end":{"line":119,"column":55},"skip":true},"30":{"start":{"line":120,"column":12},"end":{"line":120,"column":48},"skip":true},"31":{"start":{"line":123,"column":8},"end":{"line":136,"column":10},"skip":true},"32":{"start":{"line":130,"column":12},"end":{"line":130,"column":76},"skip":true},"33":{"start":{"line":131,"column":12},"end":{"line":131,"column":73},"skip":true},"34":{"start":{"line":132,"column":12},"end":{"line":132,"column":74},"skip":true},"35":{"start":{"line":133,"column":12},"end":{"line":133,"column":79},"skip":true},"36":{"start":{"line":134,"column":12},"end":{"line":134,"column":25},"skip":true},"37":{"start":{"line":135,"column":12},"end":{"line":135,"column":45},"skip":true},"38":{"start":{"line":138,"column":8},"end":{"line":145,"column":14},"skip":true},"39":{"start":{"line":143,"column":16},"end":{"line":143,"column":29},"skip":true},"40":{"start":{"line":144,"column":16},"end":{"line":144,"column":55},"skip":true},"41":{"start":{"line":147,"column":8},"end":{"line":156,"column":10},"skip":true},"42":{"start":{"line":154,"column":12},"end":{"line":154,"column":25},"skip":true},"43":{"start":{"line":155,"column":12},"end":{"line":155,"column":45},"skip":true},"44":{"start":{"line":158,"column":8},"end":{"line":167,"column":10},"skip":true},"45":{"start":{"line":165,"column":12},"end":{"line":165,"column":25},"skip":true},"46":{"start":{"line":166,"column":12},"end":{"line":166,"column":48},"skip":true},"47":{"start":{"line":169,"column":8},"end":{"line":178,"column":10},"skip":true},"48":{"start":{"line":176,"column":12},"end":{"line":176,"column":25},"skip":true},"49":{"start":{"line":177,"column":12},"end":{"line":177,"column":46},"skip":true},"50":{"start":{"line":180,"column":8},"end":{"line":189,"column":10},"skip":true},"51":{"start":{"line":187,"column":12},"end":{"line":187,"column":94},"skip":true},"52":{"start":{"line":188,"column":12},"end":{"line":188,"column":48},"skip":true},"53":{"start":{"line":192,"column":8},"end":{"line":192,"column":35},"skip":true},"54":{"start":{"line":193,"column":8},"end":{"line":193,"column":14},"skip":true}},"branchMap":{"1":{"line":25,"type":"binary-expr","locations":[{"start":{"line":25,"column":23},"end":{"line":25,"column":62}},{"start":{"line":26,"column":20},"end":{"line":26,"column":70}},{"start":{"line":27,"column":20},"end":{"line":27,"column":71}},{"start":{"line":28,"column":20},"end":{"line":28,"column":29}}]},"2":{"line":30,"type":"binary-expr","locations":[{"start":{"line":30,"column":23},"end":{"line":30,"column":37}},{"start":{"line":31,"column":20},"end":{"line":31,"column":61}},{"start":{"line":32,"column":20},"end":{"line":32,"column":70}},{"start":{"line":33,"column":20},"end":{"line":33,"column":26}}]},"3":{"line":37,"type":"cond-expr","locations":[{"start":{"line":38,"column":14},"end":{"line":38,"column":20}},{"start":{"line":39,"column":14},"end":{"line":39,"column":20}}]},"4":{"line":40,"type":"switch","locations":[{"start":{"line":42,"column":8},"end":{"line":47,"column":18}},{"start":{"line":49,"column":8},"end":{"line":52,"column":18}}]},"5":{"line":44,"type":"binary-expr","locations":[{"start":{"line":44,"column":16},"end":{"line":44,"column":44}},{"start":{"line":44,"column":48},"end":{"line":44,"column":66}}]},"6":{"line":50,"type":"binary-expr","locations":[{"start":{"line":50,"column":21},"end":{"line":50,"column":49}},{"start":{"line":50,"column":53},"end":{"line":50,"column":72}}]},"7":{"line":64,"type":"switch","locations":[{"start":{"line":69,"column":4},"end":{"line":70,"column":14}},{"start":{"line":75,"column":4},"end":{"line":76,"column":14}}]},"8":{"line":85,"type":"switch","locations":[{"start":{"line":90,"column":4},"end":{"line":105,"column":14}},{"start":{"line":111,"column":4},"end":{"line":193,"column":14},"skip":true}]},"9":{"line":91,"type":"binary-expr","locations":[{"start":{"line":91,"column":42},"end":{"line":91,"column":73}},{"start":{"line":91,"column":77},"end":{"line":99,"column":9}}]},"10":{"line":102,"type":"binary-expr","locations":[{"start":{"line":102,"column":18},"end":{"line":102,"column":32}},{"start":{"line":103,"column":12},"end":{"line":103,"column":53}},{"start":{"line":104,"column":12},"end":{"line":104,"column":61}}]},"11":{"line":112,"type":"binary-expr","locations":[{"start":{"line":112,"column":45},"end":{"line":112,"column":79},"skip":true},{"start":{"line":112,"column":83},"end":{"line":121,"column":9},"skip":true}]},"12":{"line":123,"type":"binary-expr","locations":[{"start":{"line":123,"column":42},"end":{"line":123,"column":73},"skip":true},{"start":{"line":123,"column":77},"end":{"line":136,"column":9},"skip":true}]},"13":{"line":138,"type":"binary-expr","locations":[{"start":{"line":138,"column":48},"end":{"line":138,"column":85},"skip":true},{"start":{"line":139,"column":12},"end":{"line":145,"column":13},"skip":true}]},"14":{"line":147,"type":"binary-expr","locations":[{"start":{"line":147,"column":42},"end":{"line":147,"column":73},"skip":true},{"start":{"line":147,"column":77},"end":{"line":156,"column":9},"skip":true}]},"15":{"line":158,"type":"binary-expr","locations":[{"start":{"line":158,"column":45},"end":{"line":158,"column":79},"skip":true},{"start":{"line":158,"column":83},"end":{"line":167,"column":9},"skip":true}]},"16":{"line":169,"type":"binary-expr","locations":[{"start":{"line":169,"column":43},"end":{"line":169,"column":75},"skip":true},{"start":{"line":169,"column":79},"end":{"line":178,"column":9},"skip":true}]},"17":{"line":180,"type":"binary-expr","locations":[{"start":{"line":180,"column":41},"end":{"line":180,"column":71},"skip":true},{"start":{"line":180,"column":75},"end":{"line":189,"column":9},"skip":true}]}},"code":["/* istanbul instrument in package npmtest_react_tabs */","/*jslint","    bitwise: true,","    browser: true,","    maxerr: 8,","    maxlen: 96,","    node: true,","    nomen: true,","    regexp: true,","    stupid: true","*/","(function () {","    'use strict';","    var local;","","","","    // run shared js-env code - init-before","    (function () {","        // init local","        local = {};","        // init modeJs","        local.modeJs = (function () {","            try {","                return typeof navigator.userAgent === 'string' &&","                    typeof document.querySelector('body') === 'object' &&","                    typeof XMLHttpRequest.prototype.open === 'function' &&","                    'browser';","            } catch (errorCaughtBrowser) {","                return module.exports &&","                    typeof process.versions.node === 'string' &&","                    typeof require('http').createServer === 'function' &&","                    'node';","            }","        }());","        // init global","        local.global = local.modeJs === 'browser'","            ? window","            : global;","        switch (local.modeJs) {","        // re-init local from window.local","        case 'browser':","            local = local.global.utility2.objectSetDefault(","                local.global.utility2_rollup || local.global.local,","                local.global.utility2","            );","            break;","        // re-init local from example.js","        case 'node':","            local = (local.global.utility2_rollup || require('utility2'))","                .requireReadme();","            break;","        }","        // export local","        local.global.local = local;","    }());","","","","    // run shared js-env code - function","    (function () {","        return;","    }());","    switch (local.modeJs) {","","","","    // run browser js-env code - function","    case 'browser':","        break;","","","","    // run node js-env code - function","    case 'node':","        break;","    }","","","","    // run shared js-env code - init-after","    (function () {","        return;","    }());","    switch (local.modeJs) {","","","","    // run browser js-env code - init-after","    case 'browser':","        local.testCase_browser_nullCase = local.testCase_browser_nullCase || function (","            options,","            onError","        ) {","        /*","         * this function will test browsers's null-case handling-behavior-behavior","         */","            onError(null, options);","        };","","        // run tests","        local.nop(local.modeTest &&","            document.querySelector('#testRunButton1') &&","            document.querySelector('#testRunButton1').click());","        break;","","","","    // run node js-env code - init-after","    /* istanbul ignore next */","    case 'node':","        local.testCase_buildApidoc_default = local.testCase_buildApidoc_default || function (","            options,","            onError","        ) {","        /*","         * this function will test buildApidoc's default handling-behavior-behavior","         */","            options = { modulePathList: module.paths };","            local.buildApidoc(options, onError);","        };","","        local.testCase_buildApp_default = local.testCase_buildApp_default || function (","            options,","            onError","        ) {","        /*","         * this function will test buildApp's default handling-behavior-behavior","         */","            local.testCase_buildReadme_default(options, local.onErrorThrow);","            local.testCase_buildLib_default(options, local.onErrorThrow);","            local.testCase_buildTest_default(options, local.onErrorThrow);","            local.testCase_buildCustomOrg_default(options, local.onErrorThrow);","            options = [];","            local.buildApp(options, onError);","        };","","        local.testCase_buildCustomOrg_default = local.testCase_buildCustomOrg_default ||","            function (options, onError) {","            /*","             * this function will test buildCustomOrg's default handling-behavior","             */","                options = {};","                local.buildCustomOrg(options, onError);","            };","","        local.testCase_buildLib_default = local.testCase_buildLib_default || function (","            options,","            onError","        ) {","        /*","         * this function will test buildLib's default handling-behavior","         */","            options = {};","            local.buildLib(options, onError);","        };","","        local.testCase_buildReadme_default = local.testCase_buildReadme_default || function (","            options,","            onError","        ) {","        /*","         * this function will test buildReadme's default handling-behavior-behavior","         */","            options = {};","            local.buildReadme(options, onError);","        };","","        local.testCase_buildTest_default = local.testCase_buildTest_default || function (","            options,","            onError","        ) {","        /*","         * this function will test buildTest's default handling-behavior","         */","            options = {};","            local.buildTest(options, onError);","        };","","        local.testCase_webpage_default = local.testCase_webpage_default || function (","            options,","            onError","        ) {","        /*","         * this function will test webpage's default handling-behavior","         */","            options = { modeCoverageMerge: true, url: local.serverLocalHost + '?modeTest=1' };","            local.browserTest(options, onError);","        };","","        // run test-server","        local.testRunServer(local);","        break;","    }","}());",""],"l":{"12":2,"14":2,"19":2,"21":2,"23":2,"24":2,"25":2,"30":1,"37":2,"40":2,"43":1,"47":1,"50":1,"52":1,"55":2,"61":2,"62":2,"64":2,"70":1,"76":1,"82":2,"83":2,"85":2,"91":1,"98":1,"102":1,"105":1,"112":1,"119":1,"120":1,"123":1,"130":1,"131":1,"132":1,"133":1,"134":1,"135":1,"138":1,"143":2,"144":2,"147":1,"154":2,"155":2,"158":1,"165":2,"166":2,"169":1,"176":2,"177":2,"180":1,"187":1,"188":1,"192":1,"193":1}},"/home/travis/build/npmtest/node-npmtest-react-tabs/lib.npmtest_react_tabs.js":{"path":"/home/travis/build/npmtest/node-npmtest-react-tabs/lib.npmtest_react_tabs.js","s":{"1":2,"2":2,"3":2,"4":2,"5":2,"6":2,"7":2,"8":1,"9":2,"10":2,"11":2,"12":2,"13":1,"14":1,"15":1,"16":1},"b":{"1":[2,1,1,1],"2":[1,1,1,1],"3":[1,1],"4":[2,2],"5":[1,1]},"f":{"1":2,"2":2,"3":2},"fnMap":{"1":{"name":"(anonymous_1)","line":12,"loc":{"start":{"line":12,"column":1},"end":{"line":12,"column":13}}},"2":{"name":"(anonymous_2)","line":19,"loc":{"start":{"line":19,"column":5},"end":{"line":19,"column":17}}},"3":{"name":"(anonymous_3)","line":23,"loc":{"start":{"line":23,"column":24},"end":{"line":23,"column":36}}}},"statementMap":{"1":{"start":{"line":12,"column":0},"end":{"line":53,"column":5}},"2":{"start":{"line":14,"column":4},"end":{"line":14,"column":14}},"3":{"start":{"line":19,"column":4},"end":{"line":52,"column":9}},"4":{"start":{"line":21,"column":8},"end":{"line":21,"column":19}},"5":{"start":{"line":23,"column":8},"end":{"line":35,"column":13}},"6":{"start":{"line":24,"column":12},"end":{"line":34,"column":13}},"7":{"start":{"line":25,"column":16},"end":{"line":28,"column":30}},"8":{"start":{"line":30,"column":16},"end":{"line":33,"column":27}},"9":{"start":{"line":37,"column":8},"end":{"line":39,"column":21}},"10":{"start":{"line":41,"column":8},"end":{"line":41,"column":54}},"11":{"start":{"line":43,"column":8},"end":{"line":43,"column":55}},"12":{"start":{"line":45,"column":8},"end":{"line":51,"column":9}},"13":{"start":{"line":46,"column":12},"end":{"line":46,"column":61}},"14":{"start":{"line":48,"column":12},"end":{"line":48,"column":35}},"15":{"start":{"line":49,"column":12},"end":{"line":49,"column":49}},"16":{"start":{"line":50,"column":12},"end":{"line":50,"column":43}}},"branchMap":{"1":{"line":25,"type":"binary-expr","locations":[{"start":{"line":25,"column":23},"end":{"line":25,"column":62}},{"start":{"line":26,"column":20},"end":{"line":26,"column":70}},{"start":{"line":27,"column":20},"end":{"line":27,"column":71}},{"start":{"line":28,"column":20},"end":{"line":28,"column":29}}]},"2":{"line":30,"type":"binary-expr","locations":[{"start":{"line":30,"column":23},"end":{"line":30,"column":37}},{"start":{"line":31,"column":20},"end":{"line":31,"column":61}},{"start":{"line":32,"column":20},"end":{"line":32,"column":70}},{"start":{"line":33,"column":20},"end":{"line":33,"column":26}}]},"3":{"line":37,"type":"cond-expr","locations":[{"start":{"line":38,"column":14},"end":{"line":38,"column":20}},{"start":{"line":39,"column":14},"end":{"line":39,"column":20}}]},"4":{"line":41,"type":"binary-expr","locations":[{"start":{"line":41,"column":16},"end":{"line":41,"column":44}},{"start":{"line":41,"column":48},"end":{"line":41,"column":53}}]},"5":{"line":45,"type":"if","locations":[{"start":{"line":45,"column":8},"end":{"line":45,"column":8}},{"start":{"line":45,"column":8},"end":{"line":45,"column":8}}]}},"code":["/* istanbul instrument in package npmtest_react_tabs */","/*jslint","    bitwise: true,","    browser: true,","    maxerr: 8,","    maxlen: 96,","    node: true,","    nomen: true,","    regexp: true,","    stupid: true","*/","(function () {","    'use strict';","    var local;","","","","    // run shared js-env code - init-before","    (function () {","        // init local","        local = {};","        // init modeJs","        local.modeJs = (function () {","            try {","                return typeof navigator.userAgent === 'string' &&","                    typeof document.querySelector('body') === 'object' &&","                    typeof XMLHttpRequest.prototype.open === 'function' &&","                    'browser';","            } catch (errorCaughtBrowser) {","                return module.exports &&","                    typeof process.versions.node === 'string' &&","                    typeof require('http').createServer === 'function' &&","                    'node';","            }","        }());","        // init global","        local.global = local.modeJs === 'browser'","            ? window","            : global;","        // init utility2_rollup","        local = local.global.utility2_rollup || local;","        // init lib","        local.local = local.npmtest_react_tabs = local;","        // init exports","        if (local.modeJs === 'browser') {","            local.global.utility2_npmtest_react_tabs = local;","        } else {","            module.exports = local;","            module.exports.__dirname = __dirname;","            module.exports.module = module;","        }","    }());","}());",""],"l":{"12":2,"14":2,"19":2,"21":2,"23":2,"24":2,"25":2,"30":1,"37":2,"41":2,"43":2,"45":2,"46":1,"48":1,"49":1,"50":1}},"/home/travis/build/npmtest/node-npmtest-react-tabs/example.js":{"path":"/home/travis/build/npmtest/node-npmtest-react-tabs/example.js","s":{"1":2,"2":2,"3":2,"4":2,"5":2,"6":2,"7":2,"8":1,"9":2,"10":2,"11":2,"12":2,"13":1,"14":2,"15":2,"16":2,"17":2,"18":2,"19":0,"20":2,"21":1,"22":1,"23":1,"24":1,"25":1,"26":0,"27":0,"28":1,"29":1,"30":2,"31":0,"32":0,"33":0,"34":1,"35":2,"36":2,"37":3,"38":3,"39":3,"40":3,"41":0,"42":3,"43":3,"44":3,"45":1,"46":3,"47":1,"48":1,"49":1,"50":1,"51":1,"52":1,"53":1,"54":1,"55":1,"56":1,"57":0,"58":1,"59":6,"60":6,"61":1,"62":2,"63":0,"64":2,"65":1,"66":1,"67":0,"68":0,"69":0,"70":0,"71":0,"72":0,"73":0,"74":0,"75":0,"76":0,"77":0,"78":0,"79":0,"80":0,"81":0,"82":0,"83":0},"b":{"1":[2,1,1,1],"2":[1,1,1,1],"3":[1,1],"4":[2,2],"5":[1,1],"6":[1,1],"7":[2,0],"8":[2,1,1,1,1,1],"9":[0,2,0],"10":[1,1],"11":[2,1,1],"12":[1,0],"13":[0,2],"14":[2,0,0,0,0,0,0],"15":[0,3],"16":[3,0],"17":[1,1],"18":[0,1],"19":[1,2,0,2],"20":[1,0],"21":[1,1],"22":[0,0],"23":[0,0],"24":[0,0],"25":[0,0],"26":[0,0],"27":[0,0],"28":[0,0]},"f":{"1":2,"2":2,"3":2,"4":2,"5":2,"6":2,"7":3,"8":3,"9":3,"10":1,"11":6,"12":0},"fnMap":{"1":{"name":"(anonymous_1)","line":26,"loc":{"start":{"line":26,"column":1},"end":{"line":26,"column":13}}},"2":{"name":"(anonymous_2)","line":33,"loc":{"start":{"line":33,"column":5},"end":{"line":33,"column":17}}},"3":{"name":"(anonymous_3)","line":37,"loc":{"start":{"line":37,"column":24},"end":{"line":37,"column":36}}},"4":{"name":"(anonymous_4)","line":69,"loc":{"start":{"line":69,"column":31},"end":{"line":69,"column":48}},"skip":true},"5":{"name":"(anonymous_5)","line":78,"loc":{"start":{"line":78,"column":26},"end":{"line":78,"column":45}},"skip":true},"6":{"name":"(anonymous_6)","line":123,"loc":{"start":{"line":123,"column":33},"end":{"line":123,"column":48}},"skip":true},"7":{"name":"(anonymous_7)","line":125,"loc":{"start":{"line":125,"column":27},"end":{"line":125,"column":39}},"skip":true},"8":{"name":"(anonymous_8)","line":133,"loc":{"start":{"line":133,"column":59},"end":{"line":133,"column":74}},"skip":true},"9":{"name":"(anonymous_9)","line":143,"loc":{"start":{"line":143,"column":45},"end":{"line":143,"column":62}},"skip":true},"10":{"name":"(anonymous_10)","line":144,"loc":{"start":{"line":144,"column":73},"end":{"line":144,"column":92}},"skip":true},"11":{"name":"(anonymous_11)","line":272,"loc":{"start":{"line":272,"column":51},"end":{"line":272,"column":77}},"skip":true},"12":{"name":"(anonymous_12)","line":315,"loc":{"start":{"line":315,"column":32},"end":{"line":315,"column":61}},"skip":true}},"statementMap":{"1":{"start":{"line":26,"column":0},"end":{"line":326,"column":5}},"2":{"start":{"line":28,"column":4},"end":{"line":28,"column":14}},"3":{"start":{"line":33,"column":4},"end":{"line":60,"column":9}},"4":{"start":{"line":35,"column":8},"end":{"line":35,"column":19}},"5":{"start":{"line":37,"column":8},"end":{"line":49,"column":13}},"6":{"start":{"line":38,"column":12},"end":{"line":48,"column":13}},"7":{"start":{"line":39,"column":16},"end":{"line":42,"column":30}},"8":{"start":{"line":44,"column":16},"end":{"line":47,"column":27}},"9":{"start":{"line":51,"column":8},"end":{"line":53,"column":21}},"10":{"start":{"line":55,"column":8},"end":{"line":57,"column":45}},"11":{"start":{"line":59,"column":8},"end":{"line":59,"column":35}},"12":{"start":{"line":61,"column":4},"end":{"line":325,"column":5}},"13":{"start":{"line":69,"column":8},"end":{"line":121,"column":10},"skip":true},"14":{"start":{"line":70,"column":12},"end":{"line":88,"column":13},"skip":true},"15":{"start":{"line":76,"column":16},"end":{"line":87,"column":19},"skip":true},"16":{"start":{"line":79,"column":20},"end":{"line":86,"column":21},"skip":true},"17":{"start":{"line":82,"column":24},"end":{"line":82,"column":43},"skip":true},"18":{"start":{"line":83,"column":24},"end":{"line":83,"column":30},"skip":true},"19":{"start":{"line":85,"column":24},"end":{"line":85,"column":49},"skip":true},"20":{"start":{"line":89,"column":12},"end":{"line":107,"column":13},"skip":true},"21":{"start":{"line":92,"column":16},"end":{"line":102,"column":17},"skip":true},"22":{"start":{"line":93,"column":20},"end":{"line":93,"column":86},"skip":true},"23":{"start":{"line":94,"column":20},"end":{"line":95,"column":45},"skip":true},"24":{"start":{"line":96,"column":20},"end":{"line":96,"column":42},"skip":true},"25":{"start":{"line":97,"column":20},"end":{"line":97,"column":48},"skip":true},"26":{"start":{"line":100,"column":20},"end":{"line":100,"column":85},"skip":true},"27":{"start":{"line":101,"column":20},"end":{"line":101,"column":96},"skip":true},"28":{"start":{"line":103,"column":16},"end":{"line":103,"column":22},"skip":true},"29":{"start":{"line":106,"column":16},"end":{"line":106,"column":22},"skip":true},"30":{"start":{"line":108,"column":12},"end":{"line":120,"column":13},"skip":true},"31":{"start":{"line":114,"column":16},"end":{"line":119,"column":17},"skip":true},"32":{"start":{"line":116,"column":20},"end":{"line":116,"column":78},"skip":true},"33":{"start":{"line":118,"column":20},"end":{"line":118,"column":47},"skip":true},"34":{"start":{"line":123,"column":8},"end":{"line":141,"column":11},"skip":true},"35":{"start":{"line":124,"column":12},"end":{"line":124,"column":54},"skip":true},"36":{"start":{"line":125,"column":12},"end":{"line":140,"column":14},"skip":true},"37":{"start":{"line":126,"column":16},"end":{"line":126,"column":28},"skip":true},"38":{"start":{"line":127,"column":16},"end":{"line":127,"column":69},"skip":true},"39":{"start":{"line":128,"column":16},"end":{"line":128,"column":75},"skip":true},"40":{"start":{"line":129,"column":16},"end":{"line":131,"column":17},"skip":true},"41":{"start":{"line":130,"column":20},"end":{"line":130,"column":27},"skip":true},"42":{"start":{"line":133,"column":16},"end":{"line":137,"column":36},"skip":true},"43":{"start":{"line":134,"column":20},"end":{"line":136,"column":55},"skip":true},"44":{"start":{"line":139,"column":16},"end":{"line":139,"column":57},"skip":true},"45":{"start":{"line":143,"column":8},"end":{"line":147,"column":11},"skip":true},"46":{"start":{"line":144,"column":12},"end":{"line":146,"column":15},"skip":true},"47":{"start":{"line":145,"column":16},"end":{"line":145,"column":70},"skip":true},"48":{"start":{"line":149,"column":8},"end":{"line":149,"column":31},"skip":true},"49":{"start":{"line":150,"column":8},"end":{"line":150,"column":14},"skip":true},"50":{"start":{"line":158,"column":8},"end":{"line":158,"column":31},"skip":true},"51":{"start":{"line":160,"column":8},"end":{"line":160,"column":33},"skip":true},"52":{"start":{"line":161,"column":8},"end":{"line":161,"column":37},"skip":true},"53":{"start":{"line":162,"column":8},"end":{"line":162,"column":35},"skip":true},"54":{"start":{"line":164,"column":8},"end":{"line":164,"column":50},"skip":true},"55":{"start":{"line":166,"column":8},"end":{"line":256,"column":2},"skip":true},"56":{"start":{"line":258,"column":8},"end":{"line":286,"column":9},"skip":true},"57":{"start":{"line":259,"column":12},"end":{"line":269,"column":14},"skip":true},"58":{"start":{"line":271,"column":12},"end":{"line":285,"column":19},"skip":true},"59":{"start":{"line":274,"column":20},"end":{"line":274,"column":35},"skip":true},"60":{"start":{"line":275,"column":20},"end":{"line":284,"column":21},"skip":true},"61":{"start":{"line":277,"column":24},"end":{"line":277,"column":64},"skip":true},"62":{"start":{"line":279,"column":24},"end":{"line":279,"column":40},"skip":true},"63":{"start":{"line":281,"column":24},"end":{"line":281,"column":40},"skip":true},"64":{"start":{"line":283,"column":24},"end":{"line":283,"column":39},"skip":true},"65":{"start":{"line":288,"column":8},"end":{"line":290,"column":9},"skip":true},"66":{"start":{"line":289,"column":12},"end":{"line":289,"column":18},"skip":true},"67":{"start":{"line":291,"column":8},"end":{"line":293,"column":54},"skip":true},"68":{"start":{"line":296,"column":8},"end":{"line":301,"column":37},"skip":true},"69":{"start":{"line":303,"column":8},"end":{"line":303,"column":82},"skip":true},"70":{"start":{"line":306,"column":8},"end":{"line":308,"column":9},"skip":true},"71":{"start":{"line":307,"column":12},"end":{"line":307,"column":82},"skip":true},"72":{"start":{"line":310,"column":8},"end":{"line":312,"column":9},"skip":true},"73":{"start":{"line":311,"column":12},"end":{"line":311,"column":18},"skip":true},"74":{"start":{"line":313,"column":8},"end":{"line":313,"column":54},"skip":true},"75":{"start":{"line":314,"column":8},"end":{"line":314,"column":69},"skip":true},"76":{"start":{"line":315,"column":8},"end":{"line":323,"column":36},"skip":true},"77":{"start":{"line":316,"column":12},"end":{"line":316,"column":61},"skip":true},"78":{"start":{"line":317,"column":12},"end":{"line":320,"column":13},"skip":true},"79":{"start":{"line":318,"column":16},"end":{"line":318,"column":75},"skip":true},"80":{"start":{"line":319,"column":16},"end":{"line":319,"column":23},"skip":true},"81":{"start":{"line":321,"column":12},"end":{"line":321,"column":38},"skip":true},"82":{"start":{"line":322,"column":12},"end":{"line":322,"column":27},"skip":true},"83":{"start":{"line":324,"column":8},"end":{"line":324,"column":14},"skip":true}},"branchMap":{"1":{"line":39,"type":"binary-expr","locations":[{"start":{"line":39,"column":23},"end":{"line":39,"column":62}},{"start":{"line":40,"column":20},"end":{"line":40,"column":70}},{"start":{"line":41,"column":20},"end":{"line":41,"column":71}},{"start":{"line":42,"column":20},"end":{"line":42,"column":29}}]},"2":{"line":44,"type":"binary-expr","locations":[{"start":{"line":44,"column":23},"end":{"line":44,"column":37}},{"start":{"line":45,"column":20},"end":{"line":45,"column":61}},{"start":{"line":46,"column":20},"end":{"line":46,"column":70}},{"start":{"line":47,"column":20},"end":{"line":47,"column":26}}]},"3":{"line":51,"type":"cond-expr","locations":[{"start":{"line":52,"column":14},"end":{"line":52,"column":20}},{"start":{"line":53,"column":14},"end":{"line":53,"column":20}}]},"4":{"line":55,"type":"binary-expr","locations":[{"start":{"line":55,"column":16},"end":{"line":55,"column":44}},{"start":{"line":55,"column":49},"end":{"line":57,"column":43}}]},"5":{"line":55,"type":"cond-expr","locations":[{"start":{"line":56,"column":14},"end":{"line":56,"column":54}},{"start":{"line":57,"column":14},"end":{"line":57,"column":43}}]},"6":{"line":61,"type":"switch","locations":[{"start":{"line":68,"column":4},"end":{"line":150,"column":14},"skip":true},{"start":{"line":156,"column":4},"end":{"line":324,"column":14},"skip":true}]},"7":{"line":70,"type":"if","locations":[{"start":{"line":70,"column":12},"end":{"line":70,"column":12},"skip":true},{"start":{"line":70,"column":12},"end":{"line":70,"column":12},"skip":true}]},"8":{"line":70,"type":"binary-expr","locations":[{"start":{"line":70,"column":16},"end":{"line":70,"column":22},"skip":true},{"start":{"line":70,"column":27},"end":{"line":70,"column":32},"skip":true},{"start":{"line":71,"column":20},"end":{"line":71,"column":39},"skip":true},{"start":{"line":72,"column":20},"end":{"line":72,"column":49},"skip":true},{"start":{"line":73,"column":20},"end":{"line":73,"column":58},"skip":true},{"start":{"line":74,"column":20},"end":{"line":74,"column":69},"skip":true}]},"9":{"line":79,"type":"switch","locations":[{"start":{"line":80,"column":20},"end":{"line":80,"column":33},"skip":true},{"start":{"line":81,"column":20},"end":{"line":83,"column":30},"skip":true},{"start":{"line":84,"column":20},"end":{"line":85,"column":49},"skip":true}]},"10":{"line":89,"type":"switch","locations":[{"start":{"line":90,"column":12},"end":{"line":103,"column":22},"skip":true},{"start":{"line":105,"column":12},"end":{"line":106,"column":22},"skip":true}]},"11":{"line":89,"type":"binary-expr","locations":[{"start":{"line":89,"column":20},"end":{"line":89,"column":25},"skip":true},{"start":{"line":89,"column":29},"end":{"line":89,"column":48},"skip":true},{"start":{"line":89,"column":52},"end":{"line":89,"column":74},"skip":true}]},"12":{"line":92,"type":"if","locations":[{"start":{"line":92,"column":16},"end":{"line":92,"column":16},"skip":true},{"start":{"line":92,"column":16},"end":{"line":92,"column":16},"skip":true}]},"13":{"line":108,"type":"if","locations":[{"start":{"line":108,"column":12},"end":{"line":108,"column":12},"skip":true},{"start":{"line":108,"column":12},"end":{"line":108,"column":12},"skip":true}]},"14":{"line":108,"type":"binary-expr","locations":[{"start":{"line":108,"column":16},"end":{"line":108,"column":61},"skip":true},{"start":{"line":108,"column":66},"end":{"line":108,"column":72},"skip":true},{"start":{"line":108,"column":77},"end":{"line":108,"column":82},"skip":true},{"start":{"line":109,"column":20},"end":{"line":109,"column":39},"skip":true},{"start":{"line":110,"column":20},"end":{"line":110,"column":49},"skip":true},{"start":{"line":111,"column":20},"end":{"line":111,"column":58},"skip":true},{"start":{"line":112,"column":20},"end":{"line":112,"column":68},"skip":true}]},"15":{"line":129,"type":"if","locations":[{"start":{"line":129,"column":16},"end":{"line":129,"column":16},"skip":true},{"start":{"line":129,"column":16},"end":{"line":129,"column":16},"skip":true}]},"16":{"line":134,"type":"cond-expr","locations":[{"start":{"line":135,"column":26},"end":{"line":135,"column":29},"skip":true},{"start":{"line":136,"column":26},"end":{"line":136,"column":54},"skip":true}]},"17":{"line":164,"type":"binary-expr","locations":[{"start":{"line":164,"column":27},"end":{"line":164,"column":43},"skip":true},{"start":{"line":164,"column":47},"end":{"line":164,"column":49},"skip":true}]},"18":{"line":258,"type":"if","locations":[{"start":{"line":258,"column":8},"end":{"line":258,"column":8},"skip":true},{"start":{"line":258,"column":8},"end":{"line":258,"column":8},"skip":true}]},"19":{"line":275,"type":"switch","locations":[{"start":{"line":276,"column":20},"end":{"line":277,"column":64},"skip":true},{"start":{"line":278,"column":20},"end":{"line":279,"column":40},"skip":true},{"start":{"line":280,"column":20},"end":{"line":281,"column":40},"skip":true},{"start":{"line":282,"column":20},"end":{"line":283,"column":39},"skip":true}]},"20":{"line":288,"type":"if","locations":[{"start":{"line":288,"column":8},"end":{"line":288,"column":8},"skip":true},{"start":{"line":288,"column":8},"end":{"line":288,"column":8},"skip":true}]},"21":{"line":288,"type":"binary-expr","locations":[{"start":{"line":288,"column":12},"end":{"line":288,"column":40},"skip":true},{"start":{"line":288,"column":44},"end":{"line":288,"column":67},"skip":true}]},"22":{"line":292,"type":"binary-expr","locations":[{"start":{"line":292,"column":12},"end":{"line":292,"column":50},"skip":true},{"start":{"line":293,"column":12},"end":{"line":293,"column":53},"skip":true}]},"23":{"line":297,"type":"binary-expr","locations":[{"start":{"line":297,"column":12},"end":{"line":297,"column":68},"skip":true},{"start":{"line":298,"column":12},"end":{"line":301,"column":36},"skip":true}]},"24":{"line":303,"type":"binary-expr","locations":[{"start":{"line":303,"column":43},"end":{"line":303,"column":75},"skip":true},{"start":{"line":303,"column":79},"end":{"line":303,"column":81},"skip":true}]},"25":{"line":306,"type":"if","locations":[{"start":{"line":306,"column":8},"end":{"line":306,"column":8},"skip":true},{"start":{"line":306,"column":8},"end":{"line":306,"column":8},"skip":true}]},"26":{"line":310,"type":"if","locations":[{"start":{"line":310,"column":8},"end":{"line":310,"column":8},"skip":true},{"start":{"line":310,"column":8},"end":{"line":310,"column":8},"skip":true}]},"27":{"line":313,"type":"binary-expr","locations":[{"start":{"line":313,"column":27},"end":{"line":313,"column":43},"skip":true},{"start":{"line":313,"column":47},"end":{"line":313,"column":53},"skip":true}]},"28":{"line":317,"type":"if","locations":[{"start":{"line":317,"column":12},"end":{"line":317,"column":12},"skip":true},{"start":{"line":317,"column":12},"end":{"line":317,"column":12},"skip":true}]}},"code":["/*","example.js","","quickstart example","","instruction","    1. save this script as example.js","    2. run the shell command:","        $ npm install npmtest-react-tabs && PORT=8081 node example.js","    3. play with the browser-demo on http://127.0.0.1:8081","*/","","","","/* istanbul instrument in package npmtest_react_tabs */","/*jslint","    bitwise: true,","    browser: true,","    maxerr: 8,","    maxlen: 96,","    node: true,","    nomen: true,","    regexp: true,","    stupid: true","*/","(function () {","    'use strict';","    var local;","","","","    // run shared js-env code - init-before","    (function () {","        // init local","        local = {};","        // init modeJs","        local.modeJs = (function () {","            try {","                return typeof navigator.userAgent === 'string' &&","                    typeof document.querySelector('body') === 'object' &&","                    typeof XMLHttpRequest.prototype.open === 'function' &&","                    'browser';","            } catch (errorCaughtBrowser) {","                return module.exports &&","                    typeof process.versions.node === 'string' &&","                    typeof require('http').createServer === 'function' &&","                    'node';","            }","        }());","        // init global","        local.global = local.modeJs === 'browser'","            ? window","            : global;","        // init utility2_rollup","        local = local.global.utility2_rollup || (local.modeJs === 'browser'","            ? local.global.utility2_npmtest_react_tabs","            : global.utility2_moduleExports);","        // export local","        local.global.local = local;","    }());","    switch (local.modeJs) {","","","","    // init-after","    // run browser js-env code - init-after","    /* istanbul ignore next */","    case 'browser':","        local.testRunBrowser = function (event) {","            if (!event || (event &&","                    event.currentTarget &&","                    event.currentTarget.className &&","                    event.currentTarget.className.includes &&","                    event.currentTarget.className.includes('onreset'))) {","                // reset output","                Array.from(","                    document.querySelectorAll('body > .resettable')","                ).forEach(function (element) {","                    switch (element.tagName) {","                    case 'INPUT':","                    case 'TEXTAREA':","                        element.value = '';","                        break;","                    default:","                        element.textContent = '';","                    }","                });","            }","            switch (event && event.currentTarget && event.currentTarget.id) {","            case 'testRunButton1':","                // show tests","                if (document.querySelector('#testReportDiv1').style.display === 'none') {","                    document.querySelector('#testReportDiv1').style.display = 'block';","                    document.querySelector('#testRunButton1').textContent =","                        'hide internal test';","                    local.modeTest = true;","                    local.testRunDefault(local);","                // hide tests","                } else {","                    document.querySelector('#testReportDiv1').style.display = 'none';","                    document.querySelector('#testRunButton1').textContent = 'run internal test';","                }","                break;","            // custom-case","            default:","                break;","            }","            if (document.querySelector('#inputTextareaEval1') && (!event || (event &&","                    event.currentTarget &&","                    event.currentTarget.className &&","                    event.currentTarget.className.includes &&","                    event.currentTarget.className.includes('oneval')))) {","                // try to eval input-code","                try {","                    /*jslint evil: true*/","                    eval(document.querySelector('#inputTextareaEval1').value);","                } catch (errorCaught) {","                    console.error(errorCaught);","                }","            }","        };","        // log stderr and stdout to #outputTextareaStdout1","        ['error', 'log'].forEach(function (key) {","            console[key + '_original'] = console[key];","            console[key] = function () {","                var element;","                console[key + '_original'].apply(console, arguments);","                element = document.querySelector('#outputTextareaStdout1');","                if (!element) {","                    return;","                }","                // append text to #outputTextareaStdout1","                element.value += Array.from(arguments).map(function (arg) {","                    return typeof arg === 'string'","                        ? arg","                        : JSON.stringify(arg, null, 4);","                }).join(' ') + '\\n';","                // scroll textarea to bottom","                element.scrollTop = element.scrollHeight;","            };","        });","        // init event-handling","        ['change', 'click', 'keyup'].forEach(function (event) {","            Array.from(document.querySelectorAll('.on' + event)).forEach(function (element) {","                element.addEventListener(event, local.testRunBrowser);","            });","        });","        // run tests","        local.testRunBrowser();","        break;","","","","    // run node js-env code - init-after","    /* istanbul ignore next */","    case 'node':","        // export local","        module.exports = local;","        // require modules","        local.fs = require('fs');","        local.http = require('http');","        local.url = require('url');","        // init assets","        local.assetsDict = local.assetsDict || {};","        /* jslint-ignore-begin */","        local.assetsDict['/assets.index.template.html'] = '\\","<!doctype html>\\n\\","<html lang=\"en\">\\n\\","<head>\\n\\","<meta charset=\"UTF-8\">\\n\\","<meta name=\"viewport\" content=\"width=device-width, initial-scale=1\">\\n\\","<title>{{env.npm_package_name}} (v{{env.npm_package_version}})</title>\\n\\","<style>\\n\\","/*csslint\\n\\","    box-sizing: false,\\n\\","    universal-selector: false\\n\\","*/\\n\\","* {\\n\\","    box-sizing: border-box;\\n\\","}\\n\\","body {\\n\\","    background: #dde;\\n\\","    font-family: Arial, Helvetica, sans-serif;\\n\\","    margin: 2rem;\\n\\","}\\n\\","body > * {\\n\\","    margin-bottom: 1rem;\\n\\","}\\n\\",".utility2FooterDiv {\\n\\","    margin-top: 20px;\\n\\","    text-align: center;\\n\\","}\\n\\","</style>\\n\\","<style>\\n\\","/*csslint\\n\\","*/\\n\\","textarea {\\n\\","    font-family: monospace;\\n\\","    height: 10rem;\\n\\","    width: 100%;\\n\\","}\\n\\","textarea[readonly] {\\n\\","    background: #ddd;\\n\\","}\\n\\","</style>\\n\\","</head>\\n\\","<body>\\n\\","<!-- utility2-comment\\n\\","<div id=\"ajaxProgressDiv1\" style=\"background: #d00; height: 2px; left: 0; margin: 0; padding: 0; position: fixed; top: 0; transition: background 0.5s, width 1.5s; width: 25%;\"></div>\\n\\","utility2-comment -->\\n\\","<h1>\\n\\","<!-- utility2-comment\\n\\","    <a\\n\\","        {{#if env.npm_package_homepage}}\\n\\","        href=\"{{env.npm_package_homepage}}\"\\n\\","        {{/if env.npm_package_homepage}}\\n\\","        target=\"_blank\"\\n\\","    >\\n\\","utility2-comment -->\\n\\","        {{env.npm_package_name}} (v{{env.npm_package_version}})\\n\\","<!-- utility2-comment\\n\\","    </a>\\n\\","utility2-comment -->\\n\\","</h1>\\n\\","<h3>{{env.npm_package_description}}</h3>\\n\\","<!-- utility2-comment\\n\\","<h4><a download href=\"assets.app.js\">download standalone app</a></h4>\\n\\","<button class=\"onclick onreset\" id=\"testRunButton1\">run internal test</button><br>\\n\\","<div id=\"testReportDiv1\" style=\"display: none;\"></div>\\n\\","utility2-comment -->\\n\\","\\n\\","\\n\\","\\n\\","<label>stderr and stdout</label>\\n\\","<textarea class=\"resettable\" id=\"outputTextareaStdout1\" readonly></textarea>\\n\\","<!-- utility2-comment\\n\\","{{#if isRollup}}\\n\\","<script src=\"assets.app.js\"></script>\\n\\","{{#unless isRollup}}\\n\\","utility2-comment -->\\n\\","<script src=\"assets.utility2.rollup.js\"></script>\\n\\","<script src=\"jsonp.utility2._stateInit?callback=window.utility2._stateInit\"></script>\\n\\","<script src=\"assets.npmtest_react_tabs.rollup.js\"></script>\\n\\","<script src=\"assets.example.js\"></script>\\n\\","<script src=\"assets.test.js\"></script>\\n\\","<!-- utility2-comment\\n\\","{{/if isRollup}}\\n\\","utility2-comment -->\\n\\","<div class=\"utility2FooterDiv\">\\n\\","    [ this app was created with\\n\\","    <a href=\"https://github.com/kaizhu256/node-utility2\" target=\"_blank\">utility2</a>\\n\\","    ]\\n\\","</div>\\n\\","</body>\\n\\","</html>\\n\\","';","        /* jslint-ignore-end */","        if (local.templateRender) {","            local.assetsDict['/'] = local.templateRender(","                local.assetsDict['/assets.index.template.html'],","                {","                    env: local.objectSetDefault(local.env, {","                        npm_package_description: 'the greatest app in the world!',","                        npm_package_name: 'my-app',","                        npm_package_nameAlias: 'my_app',","                        npm_package_version: '0.0.1'","                    })","                }","            );","        } else {","            local.assetsDict['/'] = local.assetsDict['/assets.index.template.html']","                .replace((/\\{\\{env\\.(\\w+?)\\}\\}/g), function (match0, match1) {","                    // jslint-hack","                    String(match0);","                    switch (match1) {","                    case 'npm_package_description':","                        return 'the greatest app in the world!';","                    case 'npm_package_name':","                        return 'my-app';","                    case 'npm_package_nameAlias':","                        return 'my_app';","                    case 'npm_package_version':","                        return '0.0.1';","                    }","                });","        }","        // run the cli","        if (local.global.utility2_rollup || module !== require.main) {","            break;","        }","        local.assetsDict['/assets.example.js'] =","            local.assetsDict['/assets.example.js'] ||","            local.fs.readFileSync(__filename, 'utf8');","        // bug-workaround - long $npm_package_buildCustomOrg","        /* jslint-ignore-begin */","        local.assetsDict['/assets.npmtest_react_tabs.rollup.js'] =","            local.assetsDict['/assets.npmtest_react_tabs.rollup.js'] ||","            local.fs.readFileSync(","                local.npmtest_react_tabs.__dirname + '/lib.npmtest_react_tabs.js',","                'utf8'","            ).replace((/^#!/), '//');","        /* jslint-ignore-end */","        local.assetsDict['/favicon.ico'] = local.assetsDict['/favicon.ico'] || '';","        // if $npm_config_timeout_exit exists,","        // then exit this process after $npm_config_timeout_exit ms","        if (Number(process.env.npm_config_timeout_exit)) {","            setTimeout(process.exit, Number(process.env.npm_config_timeout_exit));","        }","        // start server","        if (local.global.utility2_serverHttp1) {","            break;","        }","        process.env.PORT = process.env.PORT || '8081';","        console.error('server starting on port ' + process.env.PORT);","        local.http.createServer(function (request, response) {","            request.urlParsed = local.url.parse(request.url);","            if (local.assetsDict[request.urlParsed.pathname] !== undefined) {","                response.end(local.assetsDict[request.urlParsed.pathname]);","                return;","            }","            response.statusCode = 404;","            response.end();","        }).listen(process.env.PORT);","        break;","    }","}());",""],"l":{"26":2,"28":2,"33":2,"35":2,"37":2,"38":2,"39":2,"44":1,"51":2,"55":2,"59":2,"61":2,"69":1,"70":2,"76":2,"79":2,"82":2,"83":2,"85":1,"89":2,"92":1,"93":1,"94":1,"96":1,"97":1,"100":1,"101":1,"103":1,"106":1,"108":2,"114":1,"116":1,"118":1,"123":1,"124":2,"125":2,"126":3,"127":3,"128":3,"129":3,"130":1,"133":3,"134":3,"139":3,"143":1,"144":3,"145":1,"149":1,"150":1,"158":1,"160":1,"161":1,"162":1,"164":1,"166":1,"258":1,"259":1,"271":1,"274":6,"275":6,"277":1,"279":2,"281":1,"283":2,"288":1,"289":1,"291":1,"296":1,"303":1,"306":1,"307":1,"310":1,"311":1,"313":1,"314":1,"315":1,"316":1,"317":1,"318":1,"319":1,"321":1,"322":1,"324":1}},"/home/travis/build/npmtest/node-npmtest-react-tabs/node_modules/react-tabs/lib/main.js":{"path":"/home/travis/build/npmtest/node-npmtest-react-tabs/node_modules/react-tabs/lib/main.js","s":{"1":1,"2":1,"3":1,"4":1,"5":1,"6":1,"7":1,"8":1,"9":1,"10":1,"11":1,"12":4,"13":1,"14":1,"15":1,"16":1,"17":1},"b":{"1":[0,4],"2":[4,4]},"f":{"1":4},"fnMap":{"1":{"name":"_interopRequireDefault","line":24,"loc":{"start":{"line":24,"column":0},"end":{"line":24,"column":37}}}},"statementMap":{"1":{"start":{"line":3,"column":0},"end":{"line":5,"column":3}},"2":{"start":{"line":6,"column":0},"end":{"line":6,"column":76}},"3":{"start":{"line":8,"column":0},"end":{"line":8,"column":41}},"4":{"start":{"line":10,"column":0},"end":{"line":10,"column":43}},"5":{"start":{"line":12,"column":0},"end":{"line":12,"column":47}},"6":{"start":{"line":14,"column":0},"end":{"line":14,"column":49}},"7":{"start":{"line":16,"column":0},"end":{"line":16,"column":39}},"8":{"start":{"line":18,"column":0},"end":{"line":18,"column":41}},"9":{"start":{"line":20,"column":0},"end":{"line":20,"column":49}},"10":{"start":{"line":22,"column":0},"end":{"line":22,"column":51}},"11":{"start":{"line":24,"column":0},"end":{"line":24,"column":95}},"12":{"start":{"line":24,"column":39},"end":{"line":24,"column":93}},"13":{"start":{"line":26,"column":0},"end":{"line":26,"column":30}},"14":{"start":{"line":27,"column":0},"end":{"line":27,"column":36}},"15":{"start":{"line":28,"column":0},"end":{"line":28,"column":28}},"16":{"start":{"line":29,"column":0},"end":{"line":29,"column":38}},"17":{"start":{"line":33,"column":0},"end":{"line":38,"column":2}}},"branchMap":{"1":{"line":24,"type":"cond-expr","locations":[{"start":{"line":24,"column":70},"end":{"line":24,"column":73}},{"start":{"line":24,"column":76},"end":{"line":24,"column":92}}]},"2":{"line":24,"type":"binary-expr","locations":[{"start":{"line":24,"column":46},"end":{"line":24,"column":49}},{"start":{"line":24,"column":53},"end":{"line":24,"column":67}}]}},"code":["'use strict';","","Object.defineProperty(exports, \"__esModule\", {","  value: true","});","exports.TabPanel = exports.Tab = exports.TabList = exports.Tabs = undefined;","","var _Tabs = require('./components/Tabs');","","var _Tabs2 = _interopRequireDefault(_Tabs);","","var _TabList = require('./components/TabList');","","var _TabList2 = _interopRequireDefault(_TabList);","","var _Tab = require('./components/Tab');","","var _Tab2 = _interopRequireDefault(_Tab);","","var _TabPanel = require('./components/TabPanel');","","var _TabPanel2 = _interopRequireDefault(_TabPanel);","","function _interopRequireDefault(obj) { return obj && obj.__esModule ? obj : { default: obj }; }","","exports.Tabs = _Tabs2.default;","exports.TabList = _TabList2.default;","exports.Tab = _Tab2.default;","exports.TabPanel = _TabPanel2.default;","","// For bc we also export a default object, remove in 1.0","","exports.default = {","  Tabs: _Tabs2.default,","  TabList: _TabList2.default,","  Tab: _Tab2.default,","  TabPanel: _TabPanel2.default","};"],"l":{"3":1,"6":1,"8":1,"10":1,"12":1,"14":1,"16":1,"18":1,"20":1,"22":1,"24":4,"26":1,"27":1,"28":1,"29":1,"33":1}},"/home/travis/build/npmtest/node-npmtest-react-tabs/node_modules/react-tabs/lib/components/Tabs.js":{"path":"/home/travis/build/npmtest/node-npmtest-react-tabs/node_modules/react-tabs/lib/components/Tabs.js","s":{"1":1,"2":0,"3":0,"4":0,"5":0,"6":0,"7":0,"8":1,"9":1,"10":1,"11":1,"12":1,"13":1,"14":1,"15":1,"16":1,"17":1,"18":1,"19":1,"20":1,"21":1,"22":1,"23":1,"24":1,"25":1,"26":8,"27":1,"28":0,"29":0,"30":0,"31":0,"32":0,"33":0,"34":0,"35":0,"36":1,"37":0,"38":1,"39":0,"40":1,"41":1,"42":0,"43":1,"44":0,"45":0,"46":0,"47":0,"48":0,"49":0,"50":0,"51":0,"52":0,"53":0,"54":0,"55":0,"56":0,"57":0,"58":0,"59":0,"60":0,"61":0,"62":0,"63":0,"64":0,"65":0,"66":0,"67":0,"68":0,"69":0,"70":0,"71":0,"72":0,"73":0,"74":0,"75":0,"76":0,"77":0,"78":0,"79":0,"80":0,"81":0,"82":0,"83":0,"84":0,"85":0,"86":0,"87":0,"88":0,"89":0,"90":0,"91":0,"92":0,"93":0,"94":0,"95":0,"96":0,"97":0,"98":0,"99":0,"100":0,"101":0,"102":0,"103":0,"104":0,"105":0,"106":0,"107":0,"108":0,"109":0,"110":0,"111":0,"112":0,"113":0,"114":0,"115":0,"116":0,"117":0,"118":0,"119":0,"120":0,"121":0,"122":0,"123":0,"124":0,"125":0,"126":0,"127":0,"128":0,"129":0,"130":0,"131":0,"132":0,"133":0,"134":0,"135":0,"136":0,"137":0,"138":0,"139":0,"140":0,"141":0,"142":0,"143":0,"144":0,"145":0,"146":0,"147":0,"148":0,"149":0,"150":0,"151":0,"152":0,"153":0,"154":0,"155":0,"156":0,"157":0,"158":0,"159":0,"160":0,"161":0,"162":0,"163":0,"164":0,"165":0,"166":0,"167":0,"168":0,"169":0,"170":0,"171":0},"b":{"1":[1,0],"2":[0,0],"3":[0,8],"4":[8,8],"5":[0,0],"6":[0,0],"7":[0,0],"8":[0,0],"9":[0,0],"10":[0,0],"11":[0,0],"12":[0,0],"13":[0,0],"14":[0,0],"15":[0,0],"16":[0,0],"17":[0,0],"18":[0,0],"19":[0,0],"20":[0,0],"21":[0,0],"22":[0,0],"23":[0,0],"24":[0,0],"25":[0,0],"26":[0,0],"27":[0,0],"28":[0,0],"29":[0,0],"30":[0,0],"31":[0,0],"32":[0,0],"33":[0,0],"34":[0,0],"35":[0,0],"36":[0,0],"37":[0,0],"38":[0,0],"39":[0,0],"40":[0,0],"41":[0,0]},"f":{"1":0,"2":8,"3":0,"4":0,"5":0,"6":0,"7":1,"8":0,"9":0,"10":0,"11":0,"12":0,"13":0,"14":0,"15":0,"16":0,"17":0,"18":0,"19":0,"20":0,"21":0,"22":0,"23":0,"24":0,"25":0,"26":0,"27":0,"28":0,"29":0},"fnMap":{"1":{"name":"(anonymous_1)","line":3,"loc":{"start":{"line":3,"column":32},"end":{"line":3,"column":50}}},"2":{"name":"_interopRequireDefault","line":39,"loc":{"start":{"line":39,"column":0},"end":{"line":39,"column":37}}},"3":{"name":"_objectWithoutProperties","line":41,"loc":{"start":{"line":41,"column":0},"end":{"line":41,"column":45}}},"4":{"name":"isTabNode","line":44,"loc":{"start":{"line":44,"column":0},"end":{"line":44,"column":25}}},"5":{"name":"isTabDisabled","line":49,"loc":{"start":{"line":49,"column":0},"end":{"line":49,"column":29}}},"6":{"name":"setUseDefaultStyles","line":72,"loc":{"start":{"line":72,"column":25},"end":{"line":72,"column":59}}},"7":{"name":"getDefaultProps","line":77,"loc":{"start":{"line":77,"column":19},"end":{"line":77,"column":46}}},"8":{"name":"getInitialState","line":84,"loc":{"start":{"line":84,"column":19},"end":{"line":84,"column":46}}},"9":{"name":"getChildContext","line":87,"loc":{"start":{"line":87,"column":19},"end":{"line":87,"column":46}}},"10":{"name":"componentDidMount","line":92,"loc":{"start":{"line":92,"column":21},"end":{"line":92,"column":50}}},"11":{"name":"componentWillReceiveProps","line":97,"loc":{"start":{"line":97,"column":29},"end":{"line":97,"column":74}}},"12":{"name":"(anonymous_12)","line":103,"loc":{"start":{"line":103,"column":18},"end":{"line":103,"column":35}}},"13":{"name":"setSelected","line":107,"loc":{"start":{"line":107,"column":15},"end":{"line":107,"column":50}}},"14":{"name":"getNextTab","line":129,"loc":{"start":{"line":129,"column":14},"end":{"line":129,"column":41}}},"15":{"name":"getPrevTab","line":151,"loc":{"start":{"line":151,"column":14},"end":{"line":151,"column":41}}},"16":{"name":"getTabsCount","line":174,"loc":{"start":{"line":174,"column":16},"end":{"line":174,"column":40}}},"17":{"name":"getPanelsCount","line":177,"loc":{"start":{"line":177,"column":18},"end":{"line":177,"column":44}}},"18":{"name":"getTabList","line":180,"loc":{"start":{"line":180,"column":14},"end":{"line":180,"column":36}}},"19":{"name":"getTab","line":183,"loc":{"start":{"line":183,"column":10},"end":{"line":183,"column":33}}},"20":{"name":"getPanel","line":186,"loc":{"start":{"line":186,"column":12},"end":{"line":186,"column":37}}},"21":{"name":"getChildren","line":189,"loc":{"start":{"line":189,"column":15},"end":{"line":189,"column":38}}},"22":{"name":"(anonymous_22)","line":207,"loc":{"start":{"line":207,"column":50},"end":{"line":207,"column":67}}},"23":{"name":"(anonymous_23)","line":221,"loc":{"start":{"line":221,"column":71},"end":{"line":221,"column":86}}},"24":{"name":"handleKeyDown","line":273,"loc":{"start":{"line":273,"column":17},"end":{"line":273,"column":43}}},"25":{"name":"handleClick","line":298,"loc":{"start":{"line":298,"column":15},"end":{"line":298,"column":39}}},"26":{"name":"copyPropsToState","line":316,"loc":{"start":{"line":316,"column":20},"end":{"line":316,"column":60}}},"27":{"name":"isTabFromContainer","line":347,"loc":{"start":{"line":347,"column":22},"end":{"line":347,"column":56}}},"28":{"name":"render","line":364,"loc":{"start":{"line":364,"column":10},"end":{"line":364,"column":28}}},"29":{"name":"(anonymous_29)","line":381,"loc":{"start":{"line":381,"column":17},"end":{"line":381,"column":29}}}},"statementMap":{"1":{"start":{"line":3,"column":0},"end":{"line":3,"column":257}},"2":{"start":{"line":3,"column":52},"end":{"line":3,"column":239}},"3":{"start":{"line":3,"column":97},"end":{"line":3,"column":123}},"4":{"start":{"line":3,"column":124},"end":{"line":3,"column":237}},"5":{"start":{"line":3,"column":150},"end":{"line":3,"column":235}},"6":{"start":{"line":3,"column":207},"end":{"line":3,"column":233}},"7":{"start":{"line":3,"column":240},"end":{"line":3,"column":254}},"8":{"start":{"line":5,"column":0},"end":{"line":5,"column":30}},"9":{"start":{"line":7,"column":0},"end":{"line":7,"column":45}},"10":{"start":{"line":9,"column":0},"end":{"line":9,"column":39}},"11":{"start":{"line":11,"column":0},"end":{"line":11,"column":53}},"12":{"start":{"line":13,"column":0},"end":{"line":13,"column":54}},"13":{"start":{"line":15,"column":0},"end":{"line":15,"column":67}},"14":{"start":{"line":17,"column":0},"end":{"line":17,"column":37}},"15":{"start":{"line":19,"column":0},"end":{"line":19,"column":40}},"16":{"start":{"line":21,"column":0},"end":{"line":21,"column":55}},"17":{"start":{"line":23,"column":0},"end":{"line":23,"column":45}},"18":{"start":{"line":25,"column":0},"end":{"line":25,"column":59}},"19":{"start":{"line":27,"column":0},"end":{"line":27,"column":39}},"20":{"start":{"line":29,"column":0},"end":{"line":29,"column":43}},"21":{"start":{"line":31,"column":0},"end":{"line":31,"column":63}},"22":{"start":{"line":33,"column":0},"end":{"line":33,"column":67}},"23":{"start":{"line":35,"column":0},"end":{"line":35,"column":28}},"24":{"start":{"line":37,"column":0},"end":{"line":37,"column":41}},"25":{"start":{"line":39,"column":0},"end":{"line":39,"column":95}},"26":{"start":{"line":39,"column":39},"end":{"line":39,"column":93}},"27":{"start":{"line":41,"column":0},"end":{"line":41,"column":220}},"28":{"start":{"line":41,"column":47},"end":{"line":41,"column":63}},"29":{"start":{"line":41,"column":64},"end":{"line":41,"column":203}},"30":{"start":{"line":41,"column":85},"end":{"line":41,"column":120}},"31":{"start":{"line":41,"column":111},"end":{"line":41,"column":120}},"32":{"start":{"line":41,"column":121},"end":{"line":41,"column":181}},"33":{"start":{"line":41,"column":172},"end":{"line":41,"column":181}},"34":{"start":{"line":41,"column":182},"end":{"line":41,"column":201}},"35":{"start":{"line":41,"column":204},"end":{"line":41,"column":218}},"36":{"start":{"line":44,"column":0},"end":{"line":46,"column":1}},"37":{"start":{"line":45,"column":2},"end":{"line":45,"column":71}},"38":{"start":{"line":49,"column":0},"end":{"line":51,"column":1}},"39":{"start":{"line":50,"column":2},"end":{"line":50,"column":55}},"40":{"start":{"line":53,"column":0},"end":{"line":53,"column":28}},"41":{"start":{"line":55,"column":0},"end":{"line":412,"column":3}},"42":{"start":{"line":73,"column":6},"end":{"line":73,"column":29}},"43":{"start":{"line":78,"column":4},"end":{"line":82,"column":6}},"44":{"start":{"line":85,"column":4},"end":{"line":85,"column":57}},"45":{"start":{"line":88,"column":4},"end":{"line":90,"column":6}},"46":{"start":{"line":93,"column":4},"end":{"line":95,"column":5}},"47":{"start":{"line":94,"column":6},"end":{"line":94,"column":67}},"48":{"start":{"line":98,"column":4},"end":{"line":98,"column":21}},"49":{"start":{"line":103,"column":4},"end":{"line":105,"column":7}},"50":{"start":{"line":104,"column":6},"end":{"line":104,"column":53}},"51":{"start":{"line":109,"column":4},"end":{"line":109,"column":51}},"52":{"start":{"line":109,"column":44},"end":{"line":109,"column":51}},"53":{"start":{"line":111,"column":4},"end":{"line":111,"column":58}},"54":{"start":{"line":111,"column":51},"end":{"line":111,"column":58}},"55":{"start":{"line":114,"column":4},"end":{"line":114,"column":40}},"56":{"start":{"line":117,"column":4},"end":{"line":117,"column":23}},"57":{"start":{"line":120,"column":4},"end":{"line":122,"column":5}},"58":{"start":{"line":121,"column":6},"end":{"line":121,"column":58}},"59":{"start":{"line":124,"column":4},"end":{"line":127,"column":5}},"60":{"start":{"line":126,"column":6},"end":{"line":126,"column":69}},"61":{"start":{"line":130,"column":4},"end":{"line":130,"column":36}},"62":{"start":{"line":133,"column":4},"end":{"line":138,"column":5}},"63":{"start":{"line":134,"column":6},"end":{"line":134,"column":31}},"64":{"start":{"line":135,"column":6},"end":{"line":137,"column":7}},"65":{"start":{"line":136,"column":8},"end":{"line":136,"column":17}},"66":{"start":{"line":141,"column":4},"end":{"line":146,"column":5}},"67":{"start":{"line":142,"column":6},"end":{"line":142,"column":33}},"68":{"start":{"line":143,"column":6},"end":{"line":145,"column":7}},"69":{"start":{"line":144,"column":8},"end":{"line":144,"column":18}},"70":{"start":{"line":149,"column":4},"end":{"line":149,"column":17}},"71":{"start":{"line":152,"column":4},"end":{"line":152,"column":18}},"72":{"start":{"line":155,"column":4},"end":{"line":160,"column":5}},"73":{"start":{"line":156,"column":6},"end":{"line":156,"column":31}},"74":{"start":{"line":157,"column":6},"end":{"line":159,"column":7}},"75":{"start":{"line":158,"column":8},"end":{"line":158,"column":17}},"76":{"start":{"line":163,"column":4},"end":{"line":163,"column":28}},"77":{"start":{"line":164,"column":4},"end":{"line":169,"column":5}},"78":{"start":{"line":165,"column":6},"end":{"line":165,"column":33}},"79":{"start":{"line":166,"column":6},"end":{"line":168,"column":7}},"80":{"start":{"line":167,"column":8},"end":{"line":167,"column":17}},"81":{"start":{"line":172,"column":4},"end":{"line":172,"column":17}},"82":{"start":{"line":175,"column":4},"end":{"line":175,"column":133}},"83":{"start":{"line":178,"column":4},"end":{"line":178,"column":72}},"84":{"start":{"line":181,"column":4},"end":{"line":181,"column":29}},"85":{"start":{"line":184,"column":4},"end":{"line":184,"column":38}},"86":{"start":{"line":187,"column":4},"end":{"line":187,"column":40}},"87":{"start":{"line":190,"column":4},"end":{"line":190,"column":18}},"88":{"start":{"line":191,"column":4},"end":{"line":191,"column":18}},"89":{"start":{"line":192,"column":4},"end":{"line":192,"column":39}},"90":{"start":{"line":193,"column":4},"end":{"line":193,"column":27}},"91":{"start":{"line":194,"column":4},"end":{"line":194,"column":49}},"92":{"start":{"line":195,"column":4},"end":{"line":195,"column":55}},"93":{"start":{"line":196,"column":4},"end":{"line":196,"column":56}},"94":{"start":{"line":201,"column":4},"end":{"line":204,"column":5}},"95":{"start":{"line":202,"column":6},"end":{"line":202,"column":41}},"96":{"start":{"line":203,"column":6},"end":{"line":203,"column":43}},"97":{"start":{"line":207,"column":4},"end":{"line":271,"column":7}},"98":{"start":{"line":210,"column":6},"end":{"line":212,"column":7}},"99":{"start":{"line":211,"column":8},"end":{"line":211,"column":20}},"100":{"start":{"line":214,"column":6},"end":{"line":214,"column":24}},"101":{"start":{"line":217,"column":6},"end":{"line":268,"column":9}},"102":{"start":{"line":219,"column":8},"end":{"line":248,"column":11}},"103":{"start":{"line":224,"column":12},"end":{"line":226,"column":13}},"104":{"start":{"line":225,"column":14},"end":{"line":225,"column":26}},"105":{"start":{"line":228,"column":12},"end":{"line":228,"column":38}},"106":{"start":{"line":229,"column":12},"end":{"line":229,"column":35}},"107":{"start":{"line":230,"column":12},"end":{"line":230,"column":42}},"108":{"start":{"line":231,"column":12},"end":{"line":231,"column":57}},"109":{"start":{"line":232,"column":12},"end":{"line":232,"column":48}},"110":{"start":{"line":234,"column":12},"end":{"line":234,"column":20}},"111":{"start":{"line":236,"column":12},"end":{"line":244,"column":13}},"112":{"start":{"line":237,"column":14},"end":{"line":243,"column":17}},"113":{"start":{"line":246,"column":12},"end":{"line":246,"column":23}},"114":{"start":{"line":251,"column":8},"end":{"line":251,"column":18}},"115":{"start":{"line":255,"column":10},"end":{"line":255,"column":38}},"116":{"start":{"line":256,"column":10},"end":{"line":256,"column":35}},"117":{"start":{"line":257,"column":10},"end":{"line":257,"column":36}},"118":{"start":{"line":258,"column":10},"end":{"line":258,"column":55}},"119":{"start":{"line":260,"column":10},"end":{"line":260,"column":18}},"120":{"start":{"line":262,"column":10},"end":{"line":267,"column":13}},"121":{"start":{"line":270,"column":6},"end":{"line":270,"column":20}},"122":{"start":{"line":274,"column":4},"end":{"line":296,"column":5}},"123":{"start":{"line":275,"column":6},"end":{"line":275,"column":43}},"124":{"start":{"line":276,"column":6},"end":{"line":276,"column":33}},"125":{"start":{"line":279,"column":6},"end":{"line":288,"column":9}},"126":{"start":{"line":280,"column":8},"end":{"line":280,"column":39}},"127":{"start":{"line":281,"column":8},"end":{"line":281,"column":30}},"128":{"start":{"line":285,"column":11},"end":{"line":288,"column":9}},"129":{"start":{"line":286,"column":10},"end":{"line":286,"column":41}},"130":{"start":{"line":287,"column":10},"end":{"line":287,"column":32}},"131":{"start":{"line":291,"column":6},"end":{"line":293,"column":7}},"132":{"start":{"line":292,"column":8},"end":{"line":292,"column":27}},"133":{"start":{"line":295,"column":6},"end":{"line":295,"column":36}},"134":{"start":{"line":299,"column":4},"end":{"line":299,"column":24}},"135":{"start":{"line":300,"column":4},"end":{"line":311,"column":48}},"136":{"start":{"line":302,"column":6},"end":{"line":310,"column":7}},"137":{"start":{"line":303,"column":8},"end":{"line":305,"column":9}},"138":{"start":{"line":304,"column":10},"end":{"line":304,"column":17}},"139":{"start":{"line":307,"column":8},"end":{"line":307,"column":74}},"140":{"start":{"line":308,"column":8},"end":{"line":308,"column":32}},"141":{"start":{"line":309,"column":8},"end":{"line":309,"column":15}},"142":{"start":{"line":317,"column":4},"end":{"line":317,"column":44}},"143":{"start":{"line":327,"column":4},"end":{"line":333,"column":5}},"144":{"start":{"line":328,"column":6},"end":{"line":332,"column":7}},"145":{"start":{"line":329,"column":8},"end":{"line":329,"column":44}},"146":{"start":{"line":331,"column":8},"end":{"line":331,"column":26}},"147":{"start":{"line":335,"column":4},"end":{"line":338,"column":6}},"148":{"start":{"line":349,"column":4},"end":{"line":351,"column":5}},"149":{"start":{"line":350,"column":6},"end":{"line":350,"column":19}},"150":{"start":{"line":354,"column":4},"end":{"line":354,"column":42}},"151":{"start":{"line":355,"column":4},"end":{"line":355,"column":52}},"152":{"start":{"line":356,"column":4},"end":{"line":360,"column":27}},"153":{"start":{"line":357,"column":6},"end":{"line":357,"column":104}},"154":{"start":{"line":357,"column":37},"end":{"line":357,"column":49}},"155":{"start":{"line":357,"column":54},"end":{"line":357,"column":104}},"156":{"start":{"line":357,"column":98},"end":{"line":357,"column":104}},"157":{"start":{"line":359,"column":6},"end":{"line":359,"column":48}},"158":{"start":{"line":362,"column":4},"end":{"line":362,"column":17}},"159":{"start":{"line":365,"column":4},"end":{"line":365,"column":22}},"160":{"start":{"line":380,"column":4},"end":{"line":384,"column":5}},"161":{"start":{"line":381,"column":6},"end":{"line":383,"column":12}},"162":{"start":{"line":382,"column":8},"end":{"line":382,"column":35}},"163":{"start":{"line":386,"column":4},"end":{"line":388,"column":69}},"164":{"start":{"line":393,"column":4},"end":{"line":393,"column":36}},"165":{"start":{"line":394,"column":4},"end":{"line":394,"column":31}},"166":{"start":{"line":395,"column":4},"end":{"line":395,"column":28}},"167":{"start":{"line":396,"column":4},"end":{"line":396,"column":31}},"168":{"start":{"line":397,"column":4},"end":{"line":397,"column":42}},"169":{"start":{"line":398,"column":4},"end":{"line":398,"column":30}},"170":{"start":{"line":399,"column":4},"end":{"line":399,"column":32}},"171":{"start":{"line":401,"column":4},"end":{"line":410,"column":6}}},"branchMap":{"1":{"line":3,"type":"binary-expr","locations":[{"start":{"line":3,"column":15},"end":{"line":3,"column":28}},{"start":{"line":3,"column":32},"end":{"line":3,"column":256}}]},"2":{"line":3,"type":"if","locations":[{"start":{"line":3,"column":150},"end":{"line":3,"column":150}},{"start":{"line":3,"column":150},"end":{"line":3,"column":150}}]},"3":{"line":39,"type":"cond-expr","locations":[{"start":{"line":39,"column":70},"end":{"line":39,"column":73}},{"start":{"line":39,"column":76},"end":{"line":39,"column":92}}]},"4":{"line":39,"type":"binary-expr","locations":[{"start":{"line":39,"column":46},"end":{"line":39,"column":49}},{"start":{"line":39,"column":53},"end":{"line":39,"column":67}}]},"5":{"line":41,"type":"if","locations":[{"start":{"line":41,"column":85},"end":{"line":41,"column":85}},{"start":{"line":41,"column":85},"end":{"line":41,"column":85}}]},"6":{"line":41,"type":"if","locations":[{"start":{"line":41,"column":121},"end":{"line":41,"column":121}},{"start":{"line":41,"column":121},"end":{"line":41,"column":121}}]},"7":{"line":45,"type":"binary-expr","locations":[{"start":{"line":45,"column":9},"end":{"line":45,"column":31}},{"start":{"line":45,"column":35},"end":{"line":45,"column":70}}]},"8":{"line":93,"type":"if","locations":[{"start":{"line":93,"column":4},"end":{"line":93,"column":4}},{"start":{"line":93,"column":4},"end":{"line":93,"column":4}}]},"9":{"line":109,"type":"if","locations":[{"start":{"line":109,"column":4},"end":{"line":109,"column":4}},{"start":{"line":109,"column":4},"end":{"line":109,"column":4}}]},"10":{"line":111,"type":"if","locations":[{"start":{"line":111,"column":4},"end":{"line":111,"column":4}},{"start":{"line":111,"column":4},"end":{"line":111,"column":4}}]},"11":{"line":111,"type":"binary-expr","locations":[{"start":{"line":111,"column":8},"end":{"line":111,"column":17}},{"start":{"line":111,"column":21},"end":{"line":111,"column":49}}]},"12":{"line":120,"type":"if","locations":[{"start":{"line":120,"column":4},"end":{"line":120,"column":4}},{"start":{"line":120,"column":4},"end":{"line":120,"column":4}}]},"13":{"line":124,"type":"if","locations":[{"start":{"line":124,"column":4},"end":{"line":124,"column":4}},{"start":{"line":124,"column":4},"end":{"line":124,"column":4}}]},"14":{"line":135,"type":"if","locations":[{"start":{"line":135,"column":6},"end":{"line":135,"column":6}},{"start":{"line":135,"column":6},"end":{"line":135,"column":6}}]},"15":{"line":143,"type":"if","locations":[{"start":{"line":143,"column":6},"end":{"line":143,"column":6}},{"start":{"line":143,"column":6},"end":{"line":143,"column":6}}]},"16":{"line":157,"type":"if","locations":[{"start":{"line":157,"column":6},"end":{"line":157,"column":6}},{"start":{"line":157,"column":6},"end":{"line":157,"column":6}}]},"17":{"line":166,"type":"if","locations":[{"start":{"line":166,"column":6},"end":{"line":166,"column":6}},{"start":{"line":166,"column":6},"end":{"line":166,"column":6}}]},"18":{"line":175,"type":"cond-expr","locations":[{"start":{"line":175,"column":59},"end":{"line":175,"column":128}},{"start":{"line":175,"column":131},"end":{"line":175,"column":132}}]},"19":{"line":175,"type":"binary-expr","locations":[{"start":{"line":175,"column":11},"end":{"line":175,"column":30}},{"start":{"line":175,"column":34},"end":{"line":175,"column":56}}]},"20":{"line":194,"type":"binary-expr","locations":[{"start":{"line":194,"column":31},"end":{"line":194,"column":42}},{"start":{"line":194,"column":46},"end":{"line":194,"column":48}}]},"21":{"line":195,"type":"binary-expr","locations":[{"start":{"line":195,"column":35},"end":{"line":195,"column":48}},{"start":{"line":195,"column":52},"end":{"line":195,"column":54}}]},"22":{"line":210,"type":"if","locations":[{"start":{"line":210,"column":6},"end":{"line":210,"column":6}},{"start":{"line":210,"column":6},"end":{"line":210,"column":6}}]},"23":{"line":217,"type":"if","locations":[{"start":{"line":217,"column":6},"end":{"line":217,"column":6}},{"start":{"line":217,"column":6},"end":{"line":217,"column":6}}]},"24":{"line":224,"type":"if","locations":[{"start":{"line":224,"column":12},"end":{"line":224,"column":12}},{"start":{"line":224,"column":12},"end":{"line":224,"column":12}}]},"25":{"line":232,"type":"binary-expr","locations":[{"start":{"line":232,"column":24},"end":{"line":232,"column":32}},{"start":{"line":232,"column":36},"end":{"line":232,"column":47}}]},"26":{"line":236,"type":"if","locations":[{"start":{"line":236,"column":12},"end":{"line":236,"column":12}},{"start":{"line":236,"column":12},"end":{"line":236,"column":12}}]},"27":{"line":274,"type":"if","locations":[{"start":{"line":274,"column":4},"end":{"line":274,"column":4}},{"start":{"line":274,"column":4},"end":{"line":274,"column":4}}]},"28":{"line":279,"type":"if","locations":[{"start":{"line":279,"column":6},"end":{"line":279,"column":6}},{"start":{"line":279,"column":6},"end":{"line":279,"column":6}}]},"29":{"line":279,"type":"binary-expr","locations":[{"start":{"line":279,"column":10},"end":{"line":279,"column":26}},{"start":{"line":279,"column":30},"end":{"line":279,"column":46}}]},"30":{"line":285,"type":"if","locations":[{"start":{"line":285,"column":11},"end":{"line":285,"column":11}},{"start":{"line":285,"column":11},"end":{"line":285,"column":11}}]},"31":{"line":285,"type":"binary-expr","locations":[{"start":{"line":285,"column":15},"end":{"line":285,"column":31}},{"start":{"line":285,"column":35},"end":{"line":285,"column":51}}]},"32":{"line":291,"type":"if","locations":[{"start":{"line":291,"column":6},"end":{"line":291,"column":6}},{"start":{"line":291,"column":6},"end":{"line":291,"column":6}}]},"33":{"line":302,"type":"if","locations":[{"start":{"line":302,"column":6},"end":{"line":302,"column":6}},{"start":{"line":302,"column":6},"end":{"line":302,"column":6}}]},"34":{"line":303,"type":"if","locations":[{"start":{"line":303,"column":8},"end":{"line":303,"column":8}},{"start":{"line":303,"column":8},"end":{"line":303,"column":8}}]},"35":{"line":327,"type":"if","locations":[{"start":{"line":327,"column":4},"end":{"line":327,"column":4}},{"start":{"line":327,"column":4},"end":{"line":327,"column":4}}]},"36":{"line":328,"type":"if","locations":[{"start":{"line":328,"column":6},"end":{"line":328,"column":6}},{"start":{"line":328,"column":6},"end":{"line":328,"column":6}}]},"37":{"line":328,"type":"binary-expr","locations":[{"start":{"line":328,"column":10},"end":{"line":328,"column":15}},{"start":{"line":328,"column":19},"end":{"line":328,"column":38}}]},"38":{"line":349,"type":"if","locations":[{"start":{"line":349,"column":4},"end":{"line":349,"column":4}},{"start":{"line":349,"column":4},"end":{"line":349,"column":4}}]},"39":{"line":357,"type":"if","locations":[{"start":{"line":357,"column":6},"end":{"line":357,"column":6}},{"start":{"line":357,"column":6},"end":{"line":357,"column":6}}]},"40":{"line":357,"type":"if","locations":[{"start":{"line":357,"column":54},"end":{"line":357,"column":54}},{"start":{"line":357,"column":54},"end":{"line":357,"column":54}}]},"41":{"line":380,"type":"if","locations":[{"start":{"line":380,"column":4},"end":{"line":380,"column":4}},{"start":{"line":380,"column":4},"end":{"line":380,"column":4}}]}},"code":["'use strict';","","var _extends = Object.assign || function (target) { for (var i = 1; i < arguments.length; i++) { var source = arguments[i]; for (var key in source) { if (Object.prototype.hasOwnProperty.call(source, key)) { target[key] = source[key]; } } } return target; };","","var _react = require('react');","","var _react2 = _interopRequireDefault(_react);","","var _propTypes = require('prop-types');","","var _propTypes2 = _interopRequireDefault(_propTypes);","","var _createReactClass = require('create-react-class');","","var _createReactClass2 = _interopRequireDefault(_createReactClass);","","var _reactDom = require('react-dom');","","var _classnames = require('classnames');","","var _classnames2 = _interopRequireDefault(_classnames);","","var _jsStylesheet = require('js-stylesheet');","","var _jsStylesheet2 = _interopRequireDefault(_jsStylesheet);","","var _uuid = require('../helpers/uuid');","","var _uuid2 = _interopRequireDefault(_uuid);","","var _childrenPropType = require('../helpers/childrenPropType');","","var _childrenPropType2 = _interopRequireDefault(_childrenPropType);","","var _Tab = require('./Tab');","","var _Tab2 = _interopRequireDefault(_Tab);","","function _interopRequireDefault(obj) { return obj && obj.__esModule ? obj : { default: obj }; }","","function _objectWithoutProperties(obj, keys) { var target = {}; for (var i in obj) { if (keys.indexOf(i) >= 0) continue; if (!Object.prototype.hasOwnProperty.call(obj, i)) continue; target[i] = obj[i]; } return target; }","","// Determine if a node from event.target is a Tab element","function isTabNode(node) {","  return node.nodeName === 'LI' && node.getAttribute('role') === 'tab';","}","","// Determine if a tab node is disabled","function isTabDisabled(node) {","  return node.getAttribute('aria-disabled') === 'true';","}","","var useDefaultStyles = true;","","module.exports = (0, _createReactClass2.default)({","  displayName: 'Tabs',","","  propTypes: {","    className: _propTypes2.default.string,","    selectedIndex: _propTypes2.default.number,","    onSelect: _propTypes2.default.func,","    focus: _propTypes2.default.bool,","    children: _childrenPropType2.default,","    forceRenderTabPanel: _prop
[...]
 { if (key in obj) { Object.defineProperty(obj, key, { value: value, enumerable: true, configurable: true, writable: true }); } else { obj[key] = value; } return obj; }","","function _objectWithoutProperties(obj, keys) { var target = {}; for (var i in obj) { if (keys.indexOf(i) >= 0) continue; if (!Object.prototype.hasOwnProperty.call(obj, i)) continue; target[i] = obj[i]; } return target; }","","module.exports = (0, _createReactClass2.default)({","  displayName: 'Tab',","","  propTypes: {","    className: _propTypes2.default.string,","    id: _propTypes2.default.string,","    focus: _propTypes2.default.bool,","    selected: _propTypes2.default.bool,","    disabled: _propTypes2.default.bool,","    activeTabClassName: _propTypes2.default.string,","    disabledTabClassName: _propTypes2.default.string,","    panelId: _propTypes2.default.string,","    children: _propTypes2.default.oneOfType([_propTypes2.default.array, _propTypes2.default.object, _propTypes2.default.string])","  },","","  getDefaultProps: function getDefaultProps() {","    return {","      focus: false,","      selected: false,","      id: null,","      panelId: null,","      activeTabClassName: 'ReactTabs__Tab--selected',","      disabledTabClassName: 'ReactTabs__Tab--disabled'","    };","  },","  componentDidMount: function componentDidMount() {","    this.checkFocus();","  },","  componentDidUpdate: function componentDidUpdate() {","    this.checkFocus();","  },","  checkFocus: function checkFocus() {","    if (this.props.selected && this.props.focus) {","      (0, _reactDom.findDOMNode)(this).focus();","    }","  },","  render: function render() {","    var _cx;","","    var _props = this.props,","        selected = _props.selected,","        disabled = _props.disabled,","        panelId = _props.panelId,","        activeTabClassName = _props.activeTabClassName,","        disabledTabClassName = _props.disabledTabClassName,","        className = _props.className,","        children = _props.children,","        id = _props.id,","        attributes = _objectWithoutProperties(_props, ['selected', 'disabled', 'panelId', 'activeTabClassName', 'disabledTabClassName', 'className', 'children', 'id']);","","    delete attributes.focus;","","    return _react2.default.createElement(","      'li',","      _extends({}, attributes, {","        className: (0, _classnames2.default)('ReactTabs__Tab', className, (_cx = {}, _defineProperty(_cx, activeTabClassName, selected), _defineProperty(_cx, disabledTabClassName, disabled), _cx)),","        role: 'tab',","        id: id,","        'aria-selected': selected ? 'true' : 'false',","        'aria-disabled': disabled ? 'true' : 'false',","        'aria-controls': panelId,","        tabIndex: selected ? '0' : null","      }),","      children","    );","  }","});"],"l":{"3":1,"5":1,"7":1,"9":1,"11":1,"13":1,"15":1,"17":1,"19":1,"21":1,"23":4,"25":1,"27":1,"29":1,"45":1,"55":0,"58":0,"61":0,"62":0,"66":0,"68":0,"79":0,"81":0}},"/home/travis/build/npmtest/node-npmtest-react-tabs/node_modules/react-tabs/lib/components/TabList.js":{"path":"/home/travis/build/npmtest/node-npmtest-react-tabs/node_modules/react-tabs/lib/components/TabList.js","s":{"1":1,"2":0,"3":0,"4":0,"5":0,"6":0,"7":0,"8":1,"9":1,"10":1,"11":1,"12":1,"13":1,"14":1,"15":1,"16":1,"17":1,"18":1,"19":5,"20":1,"21":0,"22":0,"23":0,"24":0,"25":0,"26":0,"27":0,"28":0,"29":1,"30":0,"31":0,"32":0,"33":0,"34":0,"35":1,"36":0,"37":0},"b":{"1":[1,0],"2":[0,0],"3":[0,5],"4":[5,5],"5":[0,0],"6":[0,0],"7":[0,0]},"f":{"1":0,"2":5,"3":0,"4":0,"5":0,"6":0},"fnMap":{"1":{"name":"(anonymous_1)","line":3,"loc":{"start":{"line":3,"column":32},"end":{"line":3,"column":50}}},"2":{"name":"_interopRequireDefault","line":25,"loc":{"start":{"line":25,"column":0},"end":{"line":25,"column":37}}},"3":{"name":"_objectWithoutProperties","line":27,"loc":{"start":{"line":27,"column":0},"end":{"line":27,"column":45}}},"4":{"name":"renderChildren","line":29,"loc":{"start":{"line":29,"column":0},"end":{"line":29,"column":31}}},"5":{"name":"(anonymous_5)","line":30,"loc":{"start":{"line":30,"column":54},"end":{"line":30,"column":71}}},"6":{"name":"render","line":57,"loc":{"start":{"line":57,"column":10},"end":{"line":57,"column":28}}}},"statementMap":{"1":{"start":{"line":3,"column":0},"end":{"line":3,"column":257}},"2":{"start":{"line":3,"column":52},"end":{"line":3,"column":239}},"3":{"start":{"line":3,"column":97},"end":{"line":3,"column":123}},"4":{"start":{"line":3,"column":124},"end":{"line":3,"column":237}},"5":{"start":{"line":3,"column":150},"end":{"line":3,"column":235}},"6":{"start":{"line":3,"column":207},"end":{"line":3,"column":233}},"7":{"start":{"line":3,"column":240},"end":{"line":3,"column":254}},"8":{"start":{"line":5,"column":0},"end":{"line":5,"column":30}},"9":{"start":{"line":7,"column":0},"end":{"line":7,"column":45}},"10":{"start":{"line":9,"column":0},"end":{"line":9,"column":39}},"11":{"start":{"line":11,"column":0},"end":{"line":11,"column":53}},"12":{"start":{"line":13,"column":0},"end":{"line":13,"column":54}},"13":{"start":{"line":15,"column":0},"end":{"line":15,"column":67}},"14":{"start":{"line":17,"column":0},"end":{"line":17,"column":40}},"15":{"start":{"line":19,"column":0},"end":{"line":19,"column":55}},"16":{"start":{"line":21,"column":0},"end":{"line":21,"column":28}},"17":{"start":{"line":23,"column":0},"end":{"line":23,"column":41}},"18":{"start":{"line":25,"column":0},"end":{"line":25,"column":95}},"19":{"start":{"line":25,"column":39},"end":{"line":25,"column":93}},"20":{"start":{"line":27,"column":0},"end":{"line":27,"column":220}},"21":{"start":{"line":27,"column":47},"end":{"line":27,"column":63}},"22":{"start":{"line":27,"column":64},"end":{"line":27,"column":203}},"23":{"start":{"line":27,"column":85},"end":{"line":27,"column":120}},"24":{"start":{"line":27,"column":111},"end":{"line":27,"column":120}},"25":{"start":{"line":27,"column":121},"end":{"line":27,"column":181}},"26":{"start":{"line":27,"column":172},"end":{"line":27,"column":181}},"27":{"start":{"line":27,"column":182},"end":{"line":27,"column":201}},"28":{"start":{"line":27,"column":204},"end":{"line":27,"column":218}},"29":{"start":{"line":29,"column":0},"end":{"line":45,"column":1}},"30":{"start":{"line":30,"column":2},"end":{"line":44,"column":5}},"31":{"start":{"line":34,"column":4},"end":{"line":36,"column":5}},"32":{"start":{"line":35,"column":6},"end":{"line":35,"column":19}},"33":{"start":{"line":38,"column":4},"end":{"line":41,"column":6}},"34":{"start":{"line":43,"column":4},"end":{"line":43,"column":60}},"35":{"start":{"line":47,"column":0},"end":{"line":74,"column":3}},"36":{"start":{"line":58,"column":4},"end":{"line":63,"column":127}},"37":{"start":{"line":65,"column":4},"end":{"line":72,"column":6}}},"branchMap":{"1":{"line":3,"type":"binary-expr","locations":[{"start":{"line":3,"column":15},"end":{"line":3,"column":28}},{"start":{"line":3,"column":32},"end":{"line":3,"column":256}}]},"2":{"line":3,"type":"if","locations":[{"start":{"line":3,"column":150},"end":{"line":3,"column":150}},{"start":{"line":3,"column":150},"end":{"line":3,"column":150}}]},"3":{"line":25,"type":"cond-expr","locations":[{"start":{"line":25,"column":70},"end":{"line":25,"column":73}},{"start":{"line":25,"column":76},"end":{"line":25,"column":92}}]},"4":{"line":25,"type":"binary-expr","locations":[{"start":{"line":25,"column":46},"end":{"line":25,"column":49}},{"start":{"line":25,"column":53},"end":{"line":25,"column":67}}]},"5":{"line":27,"type":"if","locations":[{"start":{"line":27,"column":85},"end":{"line":27,"column":85}},{"start":{"line":27,"column":85},"end":{"line":27,"column":85}}]},"6":{"line":27,"type":"if","locations":[{"start":{"line":27,"column":121},"end":{"line":27,"column":121}},{"start":{"line":27,"column":121},"end":{"line":27,"column":121}}]},"7":{"line":34,"type":"if","locations":[{"start":{"line":34,"column":4},"end":{"line":34,"column":4}},{"start":{"line":34,"column":4},"end":{"line":34,"column":4}}]}},"code":["'use strict';","","var _extends = Object.assign || function (target) { for (var i = 1; i < arguments.length; i++) { var source = arguments[i]; for (var key in source) { if (Object.prototype.hasOwnProperty.call(source, key)) { target[key] = source[key]; } } } return target; };","","var _react = require('react');","","var _react2 = _interopRequireDefault(_react);","","var _propTypes = require('prop-types');","","var _propTypes2 = _interopRequireDefault(_propTypes);","","var _createReactClass = require('create-react-class');","","var _createReactClass2 = _interopRequireDefault(_createReactClass);","","var _classnames = require('classnames');","","var _classnames2 = _interopRequireDefault(_classnames);","","var _Tab = require('./Tab');","","var _Tab2 = _interopRequireDefault(_Tab);","","function _interopRequireDefault(obj) { return obj && obj.__esModule ? obj : { default: obj }; }","","function _objectWithoutProperties(obj, keys) { var target = {}; for (var i in obj) { if (keys.indexOf(i) >= 0) continue; if (!Object.prototype.hasOwnProperty.call(obj, i)) continue; target[i] = obj[i]; } return target; }","","function renderChildren(props) {","  return _react2.default.Children.map(props.children, function (child) {","    // if child is not a tab we don't need to clone it","    // since we don't need to add custom props","","    if (child.type !== _Tab2.default) {","      return child;","    }","","    var clonedProps = {","      activeTabClassName: props.activeTabClassName,","      disabledTabClassName: props.disabledTabClassName","    };","","    return _react2.default.cloneElement(child, clonedProps);","  });","}","","module.exports = (0, _createReactClass2.default)({","  displayName: 'TabList',","","  propTypes: {","    className: _propTypes2.default.string,","    activeTabClassName: _propTypes2.default.string,","    disabledTabClassName: _propTypes2.default.string,","    children: _propTypes2.default.oneOfType([_propTypes2.default.object, _propTypes2.default.array])","  },","","  render: function render() {","    var _props = this.props,","        className = _props.className,","        activeTabClassName = _props.activeTabClassName,","        disabledTabClassName = _props.disabledTabClassName,","        children = _props.children,","        attributes = _objectWithoutProperties(_props, ['className', 'activeTabClassName', 'disabledTabClassName', 'children']);","","    return _react2.default.createElement(","      'ul',","      _extends({}, attributes, {","        className: (0, _classnames2.default)('ReactTabs__TabList', className),","        role: 'tablist'","      }),","      renderChildren({ activeTabClassName: activeTabClassName, disabledTabClassName: disabledTabClassName, children: children })","    );","  }","});"],"l":{"3":1,"5":1,"7":1,"9":1,"11":1,"13":1,"15":1,"17":1,"19":1,"21":1,"23":1,"25":5,"27":1,"29":1,"30":0,"34":0,"35":0,"38":0,"43":0,"47":1,"58":0,"65":0}},"/home/travis/build/npmtest/node-npmtest-react-tabs/node_modules/react-tabs/lib/components/TabPanel.js":{"path":"/home/travis/build/npmtest/node-npmtest-react-tabs/node_modules/react-tabs/lib/components/TabPanel.js","s":{"1":1,"2":0,"3":0,"4":0,"5":0,"6":0,"7":0,"8":1,"9":1,"10":1,"11":1,"12":1,"13":1,"14":1,"15":1,"16":1,"17":4,"18":1,"19":0,"20":0,"21":0,"22":0,"23":0,"24":0,"25":0,"26":0,"27":1,"28":1,"29":0,"30":0},"b":{"1":[1,0],"2":[0,0],"3":[0,4],"4":[4,4],"5":[0,0],"6":[0,0],"7":[0,0],"8":[0,0],"9":[0,0]},"f":{"1":0,"2":4,"3":0,"4":1,"5":0},"fnMap":{"1":{"name":"(anonymous_1)","line":3,"loc":{"start":{"line":3,"column":32},"end":{"line":3,"column":50}}},"2":{"name":"_interopRequireDefault","line":21,"loc":{"start":{"line":21,"column":0},"end":{"line":21,"column":37}}},"3":{"name":"_objectWithoutProperties","line":23,"loc":{"start":{"line":23,"column":0},"end":{"line":23,"column":45}}},"4":{"name":"getDefaultProps","line":41,"loc":{"start":{"line":41,"column":19},"end":{"line":41,"column":46}}},"5":{"name":"render","line":48,"loc":{"start":{"line":48,"column":10},"end":{"line":48,"column":28}}}},"statementMap":{"1":{"start":{"line":3,"column":0},"end":{"line":3,"column":257}},"2":{"start":{"line":3,"column":52},"end":{"line":3,"column":239}},"3":{"start":{"line":3,"column":97},"end":{"line":3,"column":123}},"4":{"start":{"line":3,"column":124},"end":{"line":3,"column":237}},"5":{"start":{"line":3,"column":150},"end":{"line":3,"column":235}},"6":{"start":{"line":3,"column":207},"end":{"line":3,"column":233}},"7":{"start":{"line":3,"column":240},"end":{"line":3,"column":254}},"8":{"start":{"line":5,"column":0},"end":{"line":5,"column":30}},"9":{"start":{"line":7,"column":0},"end":{"line":7,"column":45}},"10":{"start":{"line":9,"column":0},"end":{"line":9,"column":39}},"11":{"start":{"line":11,"column":0},"end":{"line":11,"column":53}},"12":{"start":{"line":13,"column":0},"end":{"line":13,"column":54}},"13":{"start":{"line":15,"column":0},"end":{"line":15,"column":67}},"14":{"start":{"line":17,"column":0},"end":{"line":17,"column":40}},"15":{"start":{"line":19,"column":0},"end":{"line":19,"column":55}},"16":{"start":{"line":21,"column":0},"end":{"line":21,"column":95}},"17":{"start":{"line":21,"column":39},"end":{"line":21,"column":93}},"18":{"start":{"line":23,"column":0},"end":{"line":23,"column":220}},"19":{"start":{"line":23,"column":47},"end":{"line":23,"column":63}},"20":{"start":{"line":23,"column":64},"end":{"line":23,"column":203}},"21":{"start":{"line":23,"column":85},"end":{"line":23,"column":120}},"22":{"start":{"line":23,"column":111},"end":{"line":23,"column":120}},"23":{"start":{"line":23,"column":121},"end":{"line":23,"column":181}},"24":{"start":{"line":23,"column":172},"end":{"line":23,"column":181}},"25":{"start":{"line":23,"column":182},"end":{"line":23,"column":201}},"26":{"start":{"line":23,"column":204},"end":{"line":23,"column":218}},"27":{"start":{"line":25,"column":0},"end":{"line":72,"column":3}},"28":{"start":{"line":42,"column":4},"end":{"line":46,"column":6}},"29":{"start":{"line":49,"column":4},"end":{"line":56,"column":117}},"30":{"start":{"line":58,"column":4},"end":{"line":70,"column":6}}},"branchMap":{"1":{"line":3,"type":"binary-expr","locations":[{"start":{"line":3,"column":15},"end":{"line":3,"column":28}},{"start":{"line":3,"column":32},"end":{"line":3,"column":256}}]},"2":{"line":3,"type":"if","locations":[{"start":{"line":3,"column":150},"end":{"line":3,"column":150}},{"start":{"line":3,"column":150},"end":{"line":3,"column":150}}]},"3":{"line":21,"type":"cond-expr","locations":[{"start":{"line":21,"column":70},"end":{"line":21,"column":73}},{"start":{"line":21,"column":76},"end":{"line":21,"column":92}}]},"4":{"line":21,"type":"binary-expr","locations":[{"start":{"line":21,"column":46},"end":{"line":21,"column":49}},{"start":{"line":21,"column":53},"end":{"line":21,"column":67}}]},"5":{"line":23,"type":"if","locations":[{"start":{"line":23,"column":85},"end":{"line":23,"column":85}},{"start":{"line":23,"column":85},"end":{"line":23,"column":85}}]},"6":{"line":23,"type":"if","locations":[{"start":{"line":23,"column":121},"end":{"line":23,"column":121}},{"start":{"line":23,"column":121},"end":{"line":23,"column":121}}]},"7":{"line":67,"type":"cond-expr","locations":[{"start":{"line":67,"column":57},"end":{"line":67,"column":61}},{"start":{"line":67,"column":64},"end":{"line":67,"column":70}}]},"8":{"line":69,"type":"cond-expr","locations":[{"start":{"line":69,"column":53},"end":{"line":69,"column":61}},{"start":{"line":69,"column":64},"end":{"line":69,"column":68}}]},"9":{"line":69,"type":"binary-expr","locations":[{"start":{"line":69,"column":6},"end":{"line":69,"column":38}},{"start":{"line":69,"column":42},"end":{"line":69,"column":50}}]}},"code":["'use strict';","","var _extends = Object.assign || function (target) { for (var i = 1; i < arguments.length; i++) { var source = arguments[i]; for (var key in source) { if (Object.prototype.hasOwnProperty.call(source, key)) { target[key] = source[key]; } } } return target; };","","var _react = require('react');","","var _react2 = _interopRequireDefault(_react);","","var _propTypes = require('prop-types');","","var _propTypes2 = _interopRequireDefault(_propTypes);","","var _createReactClass = require('create-react-class');","","var _createReactClass2 = _interopRequireDefault(_createReactClass);","","var _classnames = require('classnames');","","var _classnames2 = _interopRequireDefault(_classnames);","","function _interopRequireDefault(obj) { return obj && obj.__esModule ? obj : { default: obj }; }","","function _objectWithoutProperties(obj, keys) { var target = {}; for (var i in obj) { if (keys.indexOf(i) >= 0) continue; if (!Object.prototype.hasOwnProperty.call(obj, i)) continue; target[i] = obj[i]; } return target; }","","module.exports = (0, _createReactClass2.default)({","  displayName: 'TabPanel',","","  propTypes: {","    children: _propTypes2.default.oneOfType([_propTypes2.default.array, _propTypes2.default.object, _propTypes2.default.string]),","    className: _propTypes2.default.string,","    id: _propTypes2.default.string,","    selected: _propTypes2.default.bool,","    style: _propTypes2.default.object,","    tabId: _propTypes2.default.string","  },","","  contextTypes: {","    forceRenderTabPanel: _propTypes2.default.bool","  },","","  getDefaultProps: function getDefaultProps() {","    return {","      selected: false,","      id: null,","      tabId: null","    };","  },","  render: function render() {","    var _props = this.props,","        className = _props.className,","        children = _props.children,","        selected = _props.selected,","        id = _props.id,","        tabId = _props.tabId,","        style = _props.style,","        attributes = _objectWithoutProperties(_props, ['className', 'children', 'selected', 'id', 'tabId', 'style']);","","    return _react2.default.createElement(","      'div',","      _extends({}, attributes, {","        className: (0, _classnames2.default)('ReactTabs__TabPanel', className, {","          'ReactTabs__TabPanel--selected': selected","        }),","        role: 'tabpanel',","        id: id,","        'aria-labelledby': tabId,","        style: _extends({}, style, { display: selected ? null : 'none' })","      }),","      this.context.forceRenderTabPanel || selected ? children : null","    );","  }","});"],"l":{"3":1,"5":1,"7":1,"9":1,"11":1,"13":1,"15":1,"17":1,"19":1,"21":4,"23":1,"25":1,"42":1,"49":0,"58":0}},"/home/travis/build/npmtest/node-npmtest-react-tabs/node_modules/react-tabs/lib/helpers/styles.js":{"path":"/home/travis/build/npmtest/node-npmtest-react-tabs/node_modules/react-tabs/lib/helpers/styles.js","s":{"1":1},"b":{},"f":{},"fnMap":{},"statementMap":{"1":{"start":{"line":3,"column":0},"end":{"line":50,"column":2}}},"branchMap":{},"code":["'use strict';","","module.exports = {","  '.react-tabs [role=tablist]': {","    'border-bottom': '1px solid #aaa',","    margin: '0 0 10px',","    padding: '0'","  },","","  '.react-tabs [role=tab]': {","    display: 'inline-block',","    border: '1px solid transparent',","    'border-bottom': 'none',","    bottom: '-1px',","    position: 'relative',","    'list-style': 'none',","    padding: '6px 12px',","    cursor: 'pointer'","  },","","  '.react-tabs [role=tab][aria-selected=true]': {","    background: '#fff',","    'border-color': '#aaa',","    color: 'black',","    'border-radius': '5px 5px 0 0',","    '-moz-border-radius': '5px 5px 0 0',","    '-webkit-border-radius': '5px 5px 0 0'","  },","","  '.react-tabs [role=tab][aria-disabled=true]': {","    color: 'GrayText',","    cursor: 'default'","  },","","  '.react-tabs [role=tab]:focus': {","    'box-shadow': '0 0 5px hsl(208, 99%, 50%)',","    'border-color': 'hsl(208, 99%, 50%)',","    outline: 'none'","  },","","  '.react-tabs [role=tab]:focus:after': {","    content: '\"\"',","    position: 'absolute',","    height: '5px',","    left: '-4px',","    right: '-4px',","    bottom: '-5px',","    background: '#fff'","  }","};"],"l":{"3":1}}}